  Lamda      L         MW        EW        QLR      POI7      POI17
  0.00  0.118224  0.689287  0.425867  3.197776  2.692783  7.756800 
  0.25  0.120200  0.702332  0.433888  3.257500  2.712174  7.822631 
  0.50  0.118224  0.689287  0.425867  3.197776  2.709773  7.839678 
  0.75  0.121614  0.720717  0.446498  3.296912  2.722372  7.761400 
  1.00  0.127134  0.757189  0.475583  3.415742  2.739808  7.825066 
  1.25  0.128332  0.756972  0.475096  3.399005  2.755019  7.929140 
  1.50  0.131512  0.778418  0.488788  3.496058  2.886063  8.096667 
  1.75  0.138613  0.824551  0.520734  3.630418  2.910356  8.178605 
  2.00  0.137282  0.806272  0.516305  3.594051  2.957252  8.218137 
  2.25  0.144986  0.855462  0.553499  3.759665  2.996177  8.313396 
  2.50  0.161259  0.968746  0.616165  3.984560  3.079840  8.355197 
  2.75  0.162564  0.977858  0.630628  4.057179  3.195860  8.518831 
  3.00  0.169496  1.014633  0.661351  4.105511  3.301299  8.713004 
  3.25  0.183555  1.096554  0.734259  4.424078  3.369853  8.861718 
  3.50  0.192451  1.181310  0.776016  4.597486  3.522827  9.108559 
  3.75  0.199078  1.210054  0.805582  4.711051  3.652894  9.241202 
  4.00  0.205108  1.233923  0.826388  4.848126  3.786466  9.472611 
  4.25  0.224305  1.361854  0.930021  5.106303  3.903541  9.630957 
  4.50  0.235111  1.432432  0.981019  5.268656  4.000033  9.759736 
  4.75  0.246966  1.503507  1.015220  5.411935  4.134749 10.032470 
  5.00  0.266122  1.631661  1.110777  5.688599  4.426275 10.354462 
  5.25  0.267683  1.638402  1.122678  5.860043  4.448017 10.516208 
  5.50  0.283725  1.742313  1.210884  6.060575  4.623187 10.723388 
  5.75  0.295685  1.817338  1.303985  6.341552  4.868263 11.095171 
  6.00  0.326766  2.017687  1.419130  6.681974  4.960730 11.196246 
  6.25  0.351839  2.175921  1.566016  7.122882  5.220864 11.581529 
  6.50  0.348416  2.161727  1.558432  7.184810  5.389720 11.780856 
  6.75  0.375427  2.337844  1.730029  7.648266  5.543997 12.106873 
  7.00  0.386832  2.389935  1.762458  7.626119  5.950681 12.650478 
  7.25  0.398874  2.469474  1.823302  7.788256  6.267095 13.110852 
  7.50  0.437962  2.732160  2.043738  8.397909  6.333619 13.214874 
  7.75  0.453766  2.815738  2.178768  8.749236  6.534689 13.583232 
  8.00  0.490422  3.081259  2.355235  9.159692  6.688502 13.838600 
  8.25  0.500437  3.122583  2.366684  9.350300  6.997333 14.195105 
  8.50  0.528267  3.302457  2.593604  9.744213  7.358103 14.615275 
  8.75  0.515175  3.207267  2.504538  9.667415  7.453192 14.942888 
  9.00  0.592509  3.699147  2.909926 10.660136  7.699124 15.335271 
  9.25  0.578590  3.639237  2.851074 10.632000  7.991999 15.400649 
  9.50  0.612878  3.850429  3.101634 11.126623  8.348680 16.203901 
  9.75  0.655219  4.087638  3.275761 11.627699  8.663178 16.470144 
 10.00  0.669557  4.222102  3.412560 11.841015  8.849160 16.919866 
 10.25  0.700516  4.411581  3.582120 12.349136  8.922841 17.090386 
 10.50  0.688889  4.356259  3.625295 12.436512  9.487093 17.788735 
 10.75  0.716701  4.463108  3.711644 12.679861  9.939238 18.234106 
 11.00  0.767907  4.775661  3.868359 13.097740 10.486682 19.200820 
 11.25  0.808969  5.112055  4.253969 13.953053 10.266275 18.845963 
 11.50  0.833518  5.272555  4.314925 14.071286 11.009344 19.828691 
 11.75  0.865509  5.475893  4.578514 14.792006 11.562016 20.392201 
 12.00  0.907775  5.766607  4.925251 15.450584 11.597670 20.569673 
 12.25  0.905467  5.759327  4.923486 15.236139 11.680600 20.957500 
 12.50  0.986992  6.229691  5.276931 16.261170 12.271994 21.593546 
 12.75  1.005800  6.359672  5.420714 16.559329 12.245037 21.789399 
 13.00  1.035890  6.586356  5.683843 17.094351 13.007147 22.944414 
 13.25  1.069718  6.805383  5.897656 17.731357 13.350276 23.288218 
 13.50  1.102603  6.989814  6.160813 18.247858 13.720024 23.693157 
 13.75  1.097122  6.935246  6.124416 18.118704 13.993849 24.377442 
 14.00  1.214020  7.703354  6.670264 19.423448 14.553940 24.961966 
 14.25  1.210982  7.665441  6.893109 19.976436 15.349080 26.130893 
 14.50  1.250038  7.921756  7.096911 20.427200 14.822023 25.703238 
 14.75  1.255065  7.958933  7.168458 20.426314 15.623871 26.831779 
 15.00  1.360446  8.683150  7.689560 21.681974 16.152716 27.135204 
 15.25  1.333945  8.547004  7.620206 21.484844 16.787557 27.841039 
 15.50  1.322180  8.461940  7.548333 21.484801 17.179966 28.795373 
 15.75  1.404321  8.998268  7.997691 22.329602 17.585801 29.104844 
 16.00  1.470881  9.467337  8.476565 23.342270 18.073331 30.029714 
 16.25  1.521971  9.713778  8.827826 24.048665 17.887502 29.952188 
 16.50  1.536143  9.793168  8.741166 23.925522 18.799488 31.313975 
 16.75  1.575831 10.101159  9.286232 25.291851 19.504057 32.304903 
 17.00  1.575855 10.100621  9.191091 24.920473 19.563325 32.209022 
 17.25  1.685293 10.869730 10.082734 26.537978 20.938512 33.830913 
 17.50  1.794585 11.562499 10.387394 27.505829 20.639634 33.704983 
 17.75  1.815005 11.735608 10.899048 28.626695 21.778180 35.258823 
 18.00  1.798629 11.639094 10.692902 28.174058 21.662143 35.426269 
 18.25  1.884249 12.056491 11.156810 29.218943 22.663892 36.782970 
 18.50  1.944480 12.531775 11.554930 29.875712 22.839253 36.794431 
 18.75  1.990718 12.867802 11.929809 30.863919 24.401329 38.880151 
 19.00  2.016250 13.039084 12.023904 30.735733 24.160486 38.464922 
 19.25  2.054385 13.291110 12.504965 31.920361 23.643144 38.224346 
 19.50  2.084713 13.401313 12.902099 32.781847 24.542592 39.378124 
 19.75  2.097028 13.537312 12.622648 32.232509 24.966451 39.899929 
 20.00  2.126785 13.900111 13.089228 33.312847 25.479446 40.583263 
 20.25  2.187134 14.241469 13.568283 34.347343 25.903961 41.243848 
 20.50  2.364028 15.239660 14.338436 35.826896 25.743372 41.504708 
 20.75  2.404096 15.581223 14.421429 35.930582 27.863648 43.773057 
 21.00  2.326509 15.214102 14.439587 36.109015 27.686989 44.104067 
 21.25  2.360717 15.336209 14.896720 36.958467 27.361306 43.344922 
 21.50  2.472073 16.175248 15.547409 38.330156 29.366813 46.503088 
 21.75  2.491567 16.324887 15.857207 38.941936 28.985979 45.936974 
 22.00  2.568797 16.805644 16.191131 39.672728 30.260073 47.238811 
 22.25  2.534383 16.629559 15.870300 39.191679 30.441470 48.012774 
 22.50  2.700166 17.743728 17.124437 41.621235 32.005808 50.037240 
 22.75  2.744011 18.048094 17.342696 42.206835 32.117993 50.034199 
 23.00  2.784763 18.330480 17.332484 41.955066 32.644990 50.880546 
 23.25  2.826995 18.629085 17.872674 43.148188 32.303545 50.649168 
 23.50  2.871187 18.899189 17.964461 43.249726 35.019001 54.105113 
 23.75  2.889978 18.947670 18.525743 44.489466 35.171940 54.218370 
 24.00  2.899341 19.019536 18.699336 45.055597 35.011428 54.426336 
 24.25  2.874578 18.967037 19.194670 45.992776 35.246654 54.652447 
 24.50  2.958584 19.574208 19.325644 46.260975 36.215148 55.974186 
 24.75  3.162625 20.934877 19.826659 47.416019 35.916967 55.694770 
 25.00  3.108107 20.561979 20.464001 48.647424 37.481186 58.172443 
 25.25  3.243527 21.594626 20.793281 49.121926 37.661667 58.080151 
 25.50  3.239229 21.557168 21.064790 49.663540 38.198098 58.186944 
 25.75  3.353796 22.166751 21.734927 51.409638 38.690530 59.957494 
 26.00  3.278171 21.837253 21.667152 50.982664 39.907419 60.841876 
 26.25  3.421261 22.680838 22.459652 52.918412 41.064433 62.591053 
 26.50  3.333402 22.201353 21.751699 51.376523 40.006154 61.221504 
 26.75  3.540180 23.631172 23.351106 54.551162 42.139083 64.154857 
 27.00  3.651947 24.349765 23.851153 55.514385 41.145973 63.560875 
 27.25  3.679627 24.681873 24.233569 56.264434 42.902798 66.050674 
 27.50  3.626578 24.286554 24.407735 56.542925 44.703965 67.188360 
 27.75  3.677259 24.750108 24.066880 56.148008 43.944219 66.984181 
 28.00  3.909941 26.248481 25.537785 59.277556 43.211759 66.781775 
 28.25  3.865008 26.011411 26.028004 59.795788 46.873686 71.565986 
 28.50  3.975935 26.765310 26.440336 61.067582 47.109860 71.344860 
 28.75  3.956780 26.814319 26.243253 60.506913 45.909532 69.943494 
 29.00  4.015073 27.088721 26.762111 61.310725 47.135176 71.576920 
 29.25  4.044471 27.362616 27.336250 62.724941 47.028704 72.024864 
 29.50  4.116622 27.798887 28.209768 64.481518 47.368023 72.268384 
 29.75  4.119197 27.805483 27.824110 63.669925 48.840404 74.439664 
 30.00  4.119890 27.757594 27.874261 64.016225 50.134179 76.343443 
 30.50  4.295113 29.172216 29.807491 67.773026 49.528712 76.291833 
 31.00  4.635833 31.606012 31.977516 72.265006 54.724646 81.738940 
 31.50  4.654451 31.676479 31.567840 71.339732 51.315271 78.609217 
 32.00  4.916009 33.648992 33.891847 75.921067 54.663023 82.480987 
 32.50  4.548695 31.115657 32.071004 72.456101 56.079138 84.829925 
 33.00  5.096148 35.162280 35.073109 78.420132 56.539904 85.334803 
 33.50  5.190815 36.041649 36.720800 81.810701 59.755765 89.591426 
 34.00  5.123954 35.535819 36.522019 81.466261 61.315574 93.760760 
 34.50  5.253450 36.537597 36.954706 82.047950 61.173033 92.128890 
 35.00  5.564189 38.434007 39.022377 86.785277 62.757053 94.450274 
 35.50  5.537377 38.326325 40.451587 89.722532 62.577481 94.997126 
 36.00  5.526035 38.388684 39.191672 86.972073 64.208083 98.202048 
 36.50  5.978657 42.204539 42.510761 93.802037 66.111540 99.241283 
 37.00  5.697875 39.982877 40.823931 90.096732 68.030788 101.924333 
 37.50  5.995037 42.110396 43.600301 96.055176 68.221747 102.020001 
 38.00  5.993999 42.040275 43.547977 95.743609 69.371713 105.116482 
 38.50  6.378785 45.487962 46.619677 102.017463 70.440004 104.796893 
 39.00  6.464092 45.593207 47.251610 103.696399 73.972141 110.323299 
 39.50  6.539745 46.990525 48.508686 105.780427 75.344366 111.303907 
 40.00  6.528469 46.250721 48.722991 106.389737 76.531282 114.269999 
 40.50  6.755674 48.209586 50.336192 109.306508 75.999776 114.641495 
 41.00  6.648373 47.158792 50.978593 110.880212 78.284947 115.754968 
 41.50  6.995305 50.067175 51.767740 112.284353 77.399645 115.978828 
 42.00  6.985643 50.444731 52.430308 114.104072 79.542470 118.852976 
 42.50  7.442726 53.591915 55.426773 119.708108 83.852406 123.712617 
 43.00  7.578109 54.857188 57.554484 123.948676 84.698490 125.624070 
 43.50  7.544563 54.768849 57.039788 123.308930 85.807408 127.060586 
 44.00  7.552458 54.916247 57.401809 124.036324 88.374916 130.615530 
 44.50  7.549546 54.941262 58.381174 125.374749 89.684196 130.945778 
 45.00  7.862095 57.594901 60.368761 129.844830 89.528253 132.745803 
 45.50  7.850709 56.947109 60.397550 130.075349 90.583821 133.217267 
 46.00  8.040612 59.313758 61.619314 132.613588 89.178865 134.199518 
 46.50  8.478161 62.253052 65.095951 139.496682 89.423574 133.990420 
 47.00  8.060694 59.588034 62.986295 135.298461 93.905510 139.151726 
 47.50  8.530972 64.052753 67.617955 144.671100 95.501767 141.088867 
 48.00  8.231270 60.572421 65.145061 139.203768 96.900319 142.984420 
 48.50  8.842370 65.565977 68.823992 147.172294 95.878246 142.835039 
 49.00  9.017774 67.797379 70.621508 150.421118 97.511822 145.231511 
 49.50  9.214666 69.610625 72.166200 153.297169 100.223942 147.867474 
 50.00  8.816276 65.927227 70.454350 150.471650 99.874078 148.066795 
 50.50  8.940819 66.705572 70.826568 151.280836 101.326998 150.128266 
 51.00  8.982343 67.022884 73.038072 155.682308 104.789191 155.669462 
 51.50  9.261111 70.076867 75.661050 160.882285 107.463848 157.049901 
 52.00  9.488455 71.567515 77.108900 163.655745 103.620717 154.492965 
 52.50  9.253300 70.127950 76.384693 162.051674 108.132271 158.996209 
 53.00  9.411010 71.292231 77.053016 163.937552 111.641914 163.994637 
 53.50  9.619637 73.428580 80.946528 171.611553 108.848007 160.779456 
 54.00  9.766613 74.782533 80.840303 171.625542 111.638631 165.246251 
 54.50  9.558198 73.629163 79.025850 167.388003 110.527575 164.529327 
 55.00 10.057783 76.860286 84.941355 179.484913 115.578878 168.213498 
 55.50 10.029510 77.259167 83.881613 177.658574 116.594769 170.581683 
 56.00 10.282653 79.750451 84.961231 179.794005 114.755960 169.646849 
 56.50 10.569577 81.933442 87.413197 183.831840 116.046567 171.743774 
 57.00 10.735960 84.304086 92.470789 194.789603 118.778616 173.501324 
 57.50 10.550085 82.683952 90.596677 190.947501 118.232819 174.579477 
 58.00 10.811472 84.464359 93.887050 197.431540 118.445191 175.372368 
 58.50 10.613110 83.014446 90.571358 191.036821 122.280061 178.303861 
 59.00 10.734787 83.597115 92.275614 194.239381 122.472617 179.963480 
 59.50 11.349019 89.755985 96.694221 203.249434 126.505151 183.612372 
 60.00 10.988357 87.360278 97.284497 204.510442 124.423734 184.812139 
 61.00 11.241703 88.626168 96.153154 201.832566 127.518336 186.578086 
 62.00 11.266594 89.926240 97.288245 204.495606 129.643250 190.456944 
 63.00 11.788702 93.986442 103.083900 215.743043 130.611767 193.137013 
 64.00 11.858369 94.822111 106.183450 222.601383 131.969126 193.437706 
 65.00 12.359912 99.959515 109.235115 228.451843 134.627483 197.857715 
 66.00 11.970527 96.564093 108.737085 227.337730 134.967597 200.522534 
 67.00 12.136787 98.177512 108.781939 227.735606 136.592521 201.237092 
 68.00 12.590056 103.751516 114.822934 239.462040 144.084326 211.303334 
 69.00 12.630276 103.189406 117.147269 244.474369 146.292220 213.221580 
 70.00 12.568246 103.376835 117.519060 245.212159 147.687616 215.453928 
 71.00 13.173934 109.907386 122.563299 255.591536 147.128206 215.490858 
 72.00 13.232142 109.279654 126.053165 261.338778 150.883802 220.208424 
 73.00 13.772832 116.116548 130.950375 272.420595 151.335784 220.907039 
 74.00 13.609431 115.311648 130.476508 271.269554 152.949478 222.110623 
 75.00 13.727138 115.757186 130.993472 272.038546 154.292851 226.045367 
 76.00 14.341038 119.802206 134.401320 278.918898 151.181104 222.919712 
 77.00 14.886908 128.517162 143.765860 297.645269 157.082194 231.014245 
 78.00 14.698670 125.465103 144.321716 298.774907 158.626831 234.012620 
 79.00 15.005450 130.013492 147.520978 305.792365 161.946922 236.790758 
 80.00 14.386606 122.980417 140.252283 291.066433 166.997217 242.156039 
