  Lamda      L         MW        EW        QLR      POI7      POI17
  0.00  0.117095  0.682950  0.422966  3.061921 99.999999 99.999999 
  0.01  0.120229  0.705380  0.434735  3.096508 99.999999 99.999999 
  0.02  0.117289  0.693133  0.429014  3.122358 99.999999 99.999999 
  0.03  0.121460  0.724711  0.453242  3.185270 99.999999 99.999999 
  0.04  0.119273  0.703788  0.437704  3.134655 99.999999 99.999999 
  0.05  0.121400  0.714788  0.442343  3.157753 99.999999 99.999999 
  0.06  0.120481  0.711710  0.444979  3.204745 99.999999 99.999999 
  0.07  0.119111  0.700265  0.439621  3.166775 99.999999 99.999999 
  0.08  0.119831  0.707038  0.439102  3.169830 99.999999 99.999999 
  0.09  0.118110  0.691098  0.428946  3.114567 99.999999 99.999999 
  0.10  0.118252  0.697915  0.430488  3.124375 99.999999 99.999999 
  0.11  0.121654  0.712727  0.442126  3.187252 99.999999 99.999999 
  0.12  0.120898  0.711219  0.442680  3.162802 99.999999 99.999999 
  0.13  0.121530  0.716385  0.446506  3.149790 99.999999 99.999999 
  0.14  0.120512  0.711689  0.442744  3.147468 99.999999 99.999999 
  0.15  0.121429  0.717777  0.445238  3.155345 99.999999 99.999999 
  0.16  0.117095  0.687123  0.422966  3.061922 99.999999 99.999999 
  0.17  0.120965  0.707254  0.439010  3.116691 99.999999 99.999999 
  0.18  0.119665  0.705464  0.435103  3.140759 99.999999 99.999999 
  0.19  0.121179  0.714296  0.443860  3.200925 99.999999 99.999999 
  0.20  0.119294  0.713819  0.437437  3.157922 99.999999 99.999999 
  0.21  0.119730  0.698554  0.442004  3.175240 99.999999 99.999999 
  0.22  0.121067  0.713892  0.445545  3.193120 99.999999 99.999999 
  0.23  0.118656  0.700751  0.432670  3.143039 99.999999 99.999999 
  0.24  0.119892  0.709071  0.440892  3.144826 99.999999 99.999999 
  0.25  0.120072  0.710036  0.440708  3.159264 99.999999 99.999999 
  0.26  0.123271  0.728448  0.457353  3.225802 99.999999 99.999999 
  0.27  0.118485  0.700505  0.435707  3.160362 99.999999 99.999999 
  0.28  0.119174  0.703312  0.436457  3.142841 99.999999 99.999999 
  0.29  0.119487  0.708151  0.437644  3.131113 99.999999 99.999999 
  0.30  0.122945  0.721103  0.453919  3.227656 99.999999 99.999999 
  0.31  0.118200  0.691939  0.424626  3.132756 99.999999 99.999999 
  0.32  0.118697  0.699382  0.429622  3.162222 99.999999 99.999999 
  0.33  0.117614  0.697907  0.432589  3.132902 99.999999 99.999999 
  0.34  0.119326  0.692601  0.431857  3.124390 99.999999 99.999999 
  0.35  0.122134  0.716335  0.441727  3.168031 99.999999 99.999999 
  0.36  0.119375  0.699585  0.437715  3.125646 99.999999 99.999999 
  0.37  0.119529  0.701166  0.437020  3.131912 99.999999 99.999999 
  0.38  0.119713  0.716768  0.443591  3.178956 99.999999 99.999999 
  0.39  0.119309  0.704264  0.439739  3.175970 99.999999 99.999999 
  0.40  0.120483  0.707709  0.436145  3.128800 99.999999 99.999999 
  0.41  0.120370  0.706426  0.439337  3.157562 99.999999 99.999999 
  0.42  0.123058  0.727555  0.451063  3.196318 99.999999 99.999999 
  0.43  0.121121  0.717806  0.442204  3.131949 99.999999 99.999999 
  0.44  0.123644  0.722378  0.445352  3.186424 99.999999 99.999999 
  0.45  0.120382  0.707782  0.442655  3.129015 99.999999 99.999999 
  0.46  0.122234  0.714862  0.443489  3.190878 99.999999 99.999999 
  0.47  0.120489  0.713836  0.445527  3.153838 99.999999 99.999999 
  0.48  0.122452  0.720088  0.443933  3.168949 99.999999 99.999999 
  0.49  0.118991  0.703897  0.431035  3.118419 99.999999 99.999999 
  0.50  0.121178  0.713034  0.439514  3.179614 99.999999 99.999999 
  0.51  0.120767  0.708539  0.442034  3.122832 99.999999 99.999999 
  0.52  0.122542  0.718504  0.452567  3.242604 99.999999 99.999999 
  0.53  0.122988  0.721436  0.446382  3.180514 99.999999 99.999999 
  0.54  0.122245  0.727378  0.454017  3.227599 99.999999 99.999999 
  0.55  0.118987  0.708519  0.438127  3.194503 99.999999 99.999999 
  0.56  0.120191  0.706179  0.436398  3.160886 99.999999 99.999999 
  0.57  0.120881  0.703789  0.442334  3.197105 99.999999 99.999999 
  0.58  0.122805  0.725317  0.453111  3.205912 99.999999 99.999999 
  0.59  0.117967  0.682950  0.425066  3.114805 99.999999 99.999999 
  0.60  0.122667  0.723514  0.454018  3.210050 99.999999 99.999999 
  0.61  0.122628  0.727083  0.447547  3.175147 99.999999 99.999999 
  0.62  0.120642  0.711715  0.441982  3.150280 99.999999 99.999999 
  0.63  0.119839  0.710552  0.441807  3.207510 99.999999 99.999999 
  0.64  0.121244  0.718201  0.442356  3.162140 99.999999 99.999999 
  0.65  0.122339  0.724157  0.447280  3.135108 99.999999 99.999999 
  0.66  0.122842  0.732363  0.455526  3.188678 99.999999 99.999999 
  0.67  0.124159  0.734199  0.459335  3.239245 99.999999 99.999999 
  0.68  0.122218  0.716747  0.448568  3.213811 99.999999 99.999999 
  0.69  0.120271  0.711450  0.443218  3.155446 99.999999 99.999999 
  0.70  0.123538  0.732379  0.458108  3.226447 99.999999 99.999999 
  0.71  0.123081  0.728368  0.457298  3.204358 99.999999 99.999999 
  0.72  0.122535  0.720828  0.449515  3.148029 99.999999 99.999999 
  0.73  0.123794  0.732789  0.454952  3.203256 99.999999 99.999999 
  0.74  0.123394  0.736745  0.457067  3.178093 99.999999 99.999999 
  0.75  0.122867  0.724863  0.453982  3.219956 99.999999 99.999999 
  0.76  0.121730  0.713928  0.443104  3.203981 99.999999 99.999999 
  0.77  0.121380  0.714275  0.444984  3.189891 99.999999 99.999999 
  0.78  0.120644  0.707628  0.441426  3.132913 99.999999 99.999999 
  0.79  0.123289  0.719662  0.451906  3.189295 99.999999 99.999999 
  0.80  0.125800  0.735765  0.462784  3.251667 99.999999 99.999999 
  0.81  0.122131  0.721858  0.451535  3.220504 99.999999 99.999999 
  0.82  0.120892  0.709974  0.443144  3.201614 99.999999 99.999999 
  0.83  0.125832  0.738311  0.462859  3.283779 99.999999 99.999999 
  0.84  0.123921  0.735547  0.460535  3.257001 99.999999 99.999999 
  0.85  0.121861  0.724068  0.447162  3.170116 99.999999 99.999999 
  0.86  0.124375  0.735782  0.462619  3.262738 99.999999 99.999999 
  0.87  0.124205  0.732768  0.455752  3.231838 99.999999 99.999999 
  0.88  0.125989  0.740648  0.465344  3.220215 99.999999 99.999999 
  0.89  0.123731  0.728552  0.454831  3.226979 99.999999 99.999999 
  0.90  0.122815  0.733373  0.458795  3.231654 99.999999 99.999999 
  0.91  0.125261  0.743584  0.465149  3.244321 99.999999 99.999999 
  0.92  0.124420  0.734407  0.457222  3.224534 99.999999 99.999999 
  0.93  0.126142  0.743126  0.464769  3.251700 99.999999 99.999999 
  0.94  0.126947  0.750995  0.471029  3.261174 99.999999 99.999999 
  0.95  0.127285  0.756756  0.473898  3.358170 99.999999 99.999999 
  0.96  0.121336  0.713471  0.446811  3.185694 99.999999 99.999999 
  0.97  0.124110  0.735750  0.462922  3.239130 99.999999 99.999999 
  0.98  0.124024  0.730826  0.461072  3.267850 99.999999 99.999999 
  0.99  0.128195  0.764942  0.480216  3.324653 99.999999 99.999999 
  1.00  0.124785  0.735340  0.461295  3.231401 99.999999 99.999999 
  1.01  0.127543  0.751135  0.469472  3.263133 99.999999 99.999999 
  1.02  0.126278  0.738187  0.464420  3.281701 99.999999 99.999999 
  1.03  0.123329  0.727491  0.458301  3.219494 99.999999 99.999999 
  1.04  0.125668  0.745935  0.462153  3.276991 99.999999 99.999999 
  1.05  0.129982  0.767156  0.481381  3.324995 99.999999 99.999999 
  1.06  0.125256  0.741690  0.459770  3.203070 99.999999 99.999999 
  1.07  0.127789  0.754414  0.479642  3.343086 99.999999 99.999999 
  1.08  0.123350  0.730722  0.457639  3.244790 99.999999 99.999999 
  1.09  0.127045  0.754001  0.474045  3.281458 99.999999 99.999999 
  1.10  0.124126  0.734993  0.459711  3.234367 99.999999 99.999999 
  1.11  0.123559  0.730744  0.457495  3.261716 99.999999 99.999999 
  1.12  0.125989  0.747750  0.468400  3.263814 99.999999 99.999999 
  1.13  0.127274  0.751460  0.467846  3.269569 99.999999 99.999999 
  1.14  0.125831  0.745763  0.463200  3.242235 99.999999 99.999999 
  1.15  0.124323  0.735913  0.462330  3.274248 99.999999 99.999999 
  1.16  0.130492  0.774214  0.481210  3.327141 99.999999 99.999999 
  1.17  0.130738  0.768983  0.479678  3.284419 99.999999 99.999999 
  1.18  0.129694  0.767175  0.483610  3.292276 99.999999 99.999999 
  1.19  0.127182  0.757146  0.476419  3.314051 99.999999 99.999999 
  1.20  0.127346  0.749214  0.470085  3.276719 99.999999 99.999999 
  1.21  0.128072  0.761088  0.473644  3.316929 99.999999 99.999999 
  1.22  0.125581  0.746948  0.466857  3.299687 99.999999 99.999999 
  1.23  0.127642  0.754147  0.470555  3.292111 99.999999 99.999999 
  1.24  0.125550  0.747297  0.465235  3.290748 99.999999 99.999999 
  1.25  0.125235  0.739161  0.462379  3.239222 99.999999 99.999999 
  1.26  0.126737  0.759117  0.472220  3.304316 99.999999 99.999999 
  1.27  0.127499  0.750974  0.475480  3.325937 99.999999 99.999999 
  1.28  0.127775  0.751909  0.473768  3.295117 99.999999 99.999999 
  1.29  0.128326  0.753161  0.470055  3.281519 99.999999 99.999999 
  1.30  0.130346  0.766801  0.483618  3.383681 99.999999 99.999999 
  1.31  0.127393  0.749081  0.469608  3.299135 99.999999 99.999999 
  1.32  0.125728  0.747044  0.469359  3.295371 99.999999 99.999999 
  1.33  0.127778  0.759072  0.474657  3.283610 99.999999 99.999999 
  1.34  0.126111  0.737560  0.465850  3.261153 99.999999 99.999999 
  1.35  0.130923  0.785960  0.487392  3.387163 99.999999 99.999999 
  1.36  0.127900  0.761494  0.485066  3.331963 99.999999 99.999999 
  1.37  0.132674  0.780281  0.489839  3.386753 99.999999 99.999999 
  1.38  0.130280  0.781010  0.494964  3.392612 99.999999 99.999999 
  1.39  0.131294  0.783359  0.492512  3.409076 99.999999 99.999999 
  1.40  0.128647  0.759147  0.472469  3.327992 99.999999 99.999999 
  1.41  0.130791  0.781438  0.487504  3.325297 99.999999 99.999999 
  1.42  0.126309  0.748051  0.475704  3.312734 99.999999 99.999999 
  1.43  0.132460  0.782171  0.491450  3.391651 99.999999 99.999999 
  1.44  0.128954  0.760217  0.474755  3.339018 99.999999 99.999999 
  1.45  0.129312  0.771325  0.484334  3.336416 99.999999 99.999999 
  1.46  0.134632  0.798196  0.502337  3.429561 99.999999 99.999999 
  1.47  0.134847  0.809188  0.503092  3.410240 99.999999 99.999999 
  1.48  0.132314  0.789698  0.499125  3.411355 99.999999 99.999999 
  1.49  0.134313  0.805149  0.508571  3.437527 99.999999 99.999999 
  1.50  0.128767  0.767174  0.479387  3.277035 99.999999 99.999999 
  1.51  0.133253  0.796671  0.499601  3.348987 99.999999 99.999999 
  1.52  0.131856  0.778691  0.490784  3.376629 99.999999 99.999999 
  1.53  0.134795  0.810841  0.510630  3.464041 99.999999 99.999999 
  1.54  0.133798  0.797521  0.503815  3.452453 99.999999 99.999999 
  1.55  0.131677  0.779269  0.482883  3.356047 99.999999 99.999999 
  1.56  0.134321  0.798920  0.502177  3.389000 99.999999 99.999999 
  1.57  0.132579  0.788631  0.496114  3.414592 99.999999 99.999999 
  1.58  0.128281  0.760618  0.478043  3.299322 99.999999 99.999999 
  1.59  0.135793  0.812424  0.513959  3.467828 99.999999 99.999999 
  1.60  0.129755  0.768384  0.483272  3.341754 99.999999 99.999999 
  1.61  0.133832  0.810222  0.513208  3.488099 99.999999 99.999999 
  1.62  0.137980  0.832096  0.527004  3.504430 99.999999 99.999999 
  1.63  0.135575  0.811054  0.513020  3.453248 99.999999 99.999999 
  1.64  0.137749  0.814448  0.519764  3.493848 99.999999 99.999999 
  1.65  0.131628  0.780552  0.499469  3.432519 99.999999 99.999999 
  1.66  0.133717  0.802396  0.508101  3.464245 99.999999 99.999999 
  1.67  0.131771  0.777276  0.495022  3.403797 99.999999 99.999999 
  1.68  0.131847  0.783409  0.491675  3.379901 99.999999 99.999999 
  1.69  0.136477  0.813453  0.514363  3.459387 99.999999 99.999999 
  1.70  0.138791  0.830069  0.525360  3.533773 99.999999 99.999999 
  1.71  0.134650  0.798053  0.502289  3.386464 99.999999 99.999999 
  1.72  0.136750  0.811750  0.509013  3.472844 99.999999 99.999999 
  1.73  0.137272  0.818698  0.523025  3.501792 99.999999 99.999999 
  1.74  0.141236  0.835775  0.530960  3.503875 99.999999 99.999999 
  1.75  0.135248  0.813221  0.509468  3.419460 99.999999 99.999999 
  1.76  0.135903  0.811066  0.508354  3.452998 99.999999 99.999999 
  1.77  0.136647  0.811383  0.511424  3.467620 99.999999 99.999999 
  1.78  0.138289  0.827697  0.522501  3.485638 99.999999 99.999999 
  1.79  0.139082  0.821070  0.517827  3.493195 99.999999 99.999999 
  1.80  0.137234  0.825437  0.514601  3.462100 99.999999 99.999999 
  1.81  0.136401  0.812249  0.514324  3.491042 99.999999 99.999999 
  1.82  0.141219  0.839910  0.535806  3.565280 99.999999 99.999999 
  1.83  0.138885  0.832332  0.526677  3.533729 99.999999 99.999999 
  1.84  0.140767  0.830863  0.521038  3.501516 99.999999 99.999999 
  1.85  0.140612  0.832815  0.529708  3.533878 99.999999 99.999999 
  1.86  0.135908  0.809020  0.506063  3.460685 99.999999 99.999999 
  1.87  0.138466  0.811508  0.527536  3.534620 99.999999 99.999999 
  1.88  0.142351  0.849974  0.539994  3.578709 99.999999 99.999999 
  1.89  0.134508  0.798465  0.506787  3.454015 99.999999 99.999999 
  1.90  0.138393  0.818152  0.511468  3.458878 99.999999 99.999999 
  1.91  0.138684  0.830442  0.523537  3.482243 99.999999 99.999999 
  1.92  0.143267  0.857991  0.544904  3.602842 99.999999 99.999999 
  1.93  0.133792  0.803034  0.502479  3.409928 99.999999 99.999999 
  1.94  0.147547  0.878121  0.559599  3.630919 99.999999 99.999999 
  1.95  0.140664  0.837601  0.534862  3.557155 99.999999 99.999999 
  1.96  0.144908  0.866553  0.551994  3.585799 99.999999 99.999999 
  1.97  0.138176  0.823290  0.526564  3.552458 99.999999 99.999999 
  1.98  0.143387  0.853732  0.548332  3.641752 99.999999 99.999999 
  1.99  0.141605  0.842244  0.538425  3.603016 99.999999 99.999999 
  2.00  0.139987  0.833402  0.528789  3.559011 99.999999 99.999999 
  2.01  0.143627  0.858821  0.546848  3.589653 99.999999 99.999999 
  2.02  0.142927  0.850778  0.541328  3.606923 99.999999 99.999999 
  2.03  0.141873  0.844531  0.536837  3.588849 99.999999 99.999999 
  2.04  0.146142  0.866623  0.559697  3.699745 99.999999 99.999999 
  2.05  0.143850  0.851200  0.543648  3.587251 99.999999 99.999999 
  2.06  0.139612  0.828769  0.522641  3.502874 99.999999 99.999999 
  2.07  0.139714  0.835420  0.529479  3.590144 99.999999 99.999999 
  2.08  0.141523  0.835320  0.538080  3.619596 99.999999 99.999999 
  2.09  0.139901  0.840345  0.529010  3.550182 99.999999 99.999999 
  2.10  0.142826  0.853365  0.546292  3.632852 99.999999 99.999999 
  2.11  0.146986  0.877533  0.557969  3.672670 99.999999 99.999999 
  2.12  0.148303  0.891072  0.562209  3.643552 99.999999 99.999999 
  2.13  0.147165  0.872246  0.559242  3.649004 99.999999 99.999999 
  2.14  0.147349  0.887924  0.562005  3.683283 99.999999 99.999999 
  2.15  0.145653  0.876840  0.563447  3.662723 99.999999 99.999999 
  2.16  0.149999  0.901531  0.573849  3.711037 99.999999 99.999999 
  2.17  0.144123  0.852226  0.547402  3.613603 99.999999 99.999999 
  2.18  0.148433  0.892155  0.559464  3.715687 99.999999 99.999999 
  2.19  0.143789  0.850759  0.539665  3.601783 99.999999 99.999999 
  2.20  0.148140  0.886694  0.565730  3.633897 99.999999 99.999999 
  2.21  0.144161  0.861656  0.546427  3.628515 99.999999 99.999999 
  2.22  0.151728  0.905974  0.585665  3.736224 99.999999 99.999999 
  2.23  0.147620  0.874927  0.558436  3.651100 99.999999 99.999999 
  2.24  0.148109  0.884936  0.568644  3.660163 99.999999 99.999999 
  2.25  0.145400  0.878709  0.557216  3.658057 99.999999 99.999999 
  2.26  0.148310  0.885159  0.561138  3.593566 99.999999 99.999999 
  2.27  0.145307  0.872651  0.554583  3.640996 99.999999 99.999999 
  2.28  0.149923  0.913972  0.573152  3.714280 99.999999 99.999999 
  2.29  0.151455  0.911302  0.579183  3.712976 99.999999 99.999999 
  2.30  0.147307  0.875144  0.566305  3.647338 99.999999 99.999999 
  2.31  0.148834  0.893098  0.572662  3.711438 99.999999 99.999999 
  2.32  0.147528  0.884171  0.572757  3.763840 99.999999 99.999999 
  2.33  0.150032  0.894292  0.572482  3.740591 99.999999 99.999999 
  2.34  0.151509  0.906744  0.584160  3.786708 99.999999 99.999999 
  2.35  0.149770  0.894314  0.572529  3.720102 99.999999 99.999999 
  2.36  0.152150  0.913688  0.590333  3.833731 99.999999 99.999999 
  2.37  0.149374  0.902465  0.569763  3.689161 99.999999 99.999999 
  2.38  0.149055  0.898356  0.572418  3.691393 99.999999 99.999999 
  2.39  0.154758  0.932990  0.603369  3.818070 99.999999 99.999999 
  2.40  0.154287  0.939723  0.601401  3.812819 99.999999 99.999999 
  2.41  0.155145  0.930553  0.599389  3.805726 99.999999 99.999999 
  2.42  0.152072  0.904133  0.572668  3.703557 99.999999 99.999999 
  2.43  0.154005  0.914622  0.592432  3.769394 99.999999 99.999999 
  2.44  0.157255  0.941375  0.608537  3.872340 99.999999 99.999999 
  2.45  0.148507  0.882513  0.570061  3.728416 99.999999 99.999999 
  2.46  0.154471  0.933460  0.603630  3.874046 99.999999 99.999999 
  2.47  0.150269  0.897950  0.582957  3.736274 99.999999 99.999999 
  2.48  0.156393  0.930809  0.595933  3.798578 99.999999 99.999999 
  2.49  0.152896  0.915112  0.585362  3.787488 99.999999 99.999999 
  2.50  0.158555  0.948010  0.608734  3.820750 99.999999 99.999999 
  2.51  0.157748  0.942532  0.609998  3.877052 99.999999 99.999999 
  2.52  0.153473  0.914835  0.583230  3.781508 99.999999 99.999999 
  2.53  0.157629  0.947767  0.614850  3.885917 99.999999 99.999999 
  2.54  0.153992  0.925513  0.598083  3.797696 99.999999 99.999999 
  2.55  0.154466  0.920730  0.593175  3.751884 99.999999 99.999999 
  2.56  0.159710  0.957958  0.614691  3.883292 99.999999 99.999999 
  2.57  0.155723  0.938831  0.600516  3.810104 99.999999 99.999999 
  2.58  0.159581  0.955081  0.618344  3.918987 99.999999 99.999999 
  2.59  0.155549  0.946925  0.608696  3.832691 99.999999 99.999999 
  2.60  0.159031  0.956164  0.614535  3.858369 99.999999 99.999999 
  2.61  0.161138  0.964752  0.621180  3.917383 99.999999 99.999999 
  2.62  0.160615  0.970784  0.625058  3.842207 99.999999 99.999999 
  2.63  0.159825  0.966162  0.618529  3.901463 99.999999 99.999999 
  2.64  0.158721  0.961971  0.618587  3.845554 99.999999 99.999999 
  2.65  0.165629  0.994684  0.648774  3.962487 99.999999 99.999999 
  2.66  0.158433  0.955345  0.612971  3.883970 99.999999 99.999999 
  2.67  0.159744  0.955070  0.627747  3.909916 99.999999 99.999999 
  2.68  0.160235  0.955049  0.608630  3.861730 99.999999 99.999999 
  2.69  0.163203  0.991926  0.647050  3.982069 99.999999 99.999999 
  2.70  0.157139  0.940315  0.603691  3.823783 99.999999 99.999999 
  2.71  0.161500  0.972803  0.625429  3.905124 99.999999 99.999999 
  2.72  0.157082  0.944429  0.607608  3.811007 99.999999 99.999999 
  2.73  0.160307  0.970679  0.629161  3.926877 99.999999 99.999999 
  2.74  0.159046  0.960331  0.618544  3.905947 99.999999 99.999999 
  2.75  0.156855  0.936943  0.605898  3.860467 99.999999 99.999999 
  2.76  0.163216  0.977584  0.629575  3.912013 99.999999 99.999999 
  2.77  0.161200  0.969793  0.621789  3.864784 99.999999 99.999999 
  2.78  0.165806  0.997666  0.648280  4.028161 99.999999 99.999999 
  2.79  0.164742  0.998591  0.644696  4.025197 99.999999 99.999999 
  2.80  0.162033  0.979372  0.629191  3.954550 99.999999 99.999999 
  2.81  0.169900  1.021238  0.662537  4.045773 99.999999 99.999999 
  2.82  0.166010  1.005109  0.648910  3.988683 99.999999 99.999999 
  2.83  0.166286  1.012648  0.652317  4.053039 99.999999 99.999999 
  2.84  0.166429  1.003585  0.642174  3.944402 99.999999 99.999999 
  2.85  0.160445  0.971144  0.623004  3.944586 99.999999 99.999999 
  2.86  0.164878  0.990350  0.641629  3.970668 99.999999 99.999999 
  2.87  0.170513  1.032141  0.673568  4.110718 99.999999 99.999999 
  2.88  0.172759  1.035077  0.673082  4.067472 99.999999 99.999999 
  2.89  0.166536  1.000596  0.643068  3.929417 99.999999 99.999999 
  2.90  0.173200  1.044267  0.671807  4.135592 99.999999 99.999999 
  2.91  0.166976  1.012865  0.658543  4.027865 99.999999 99.999999 
  2.92  0.162562  0.986765  0.656502  4.013718 99.999999 99.999999 
  2.93  0.170155  1.018698  0.667554  4.055009 99.999999 99.999999 
  2.94  0.169933  1.022922  0.664384  4.093814 99.999999 99.999999 
  2.95  0.173317  1.045984  0.679672  4.138599 99.999999 99.999999 
  2.96  0.167094  0.997467  0.654873  4.033166 99.999999 99.999999 
  2.97  0.174709  1.051987  0.688544  4.197701 99.999999 99.999999 
  2.98  0.170147  1.024542  0.664719  4.091711 99.999999 99.999999 
  2.99  0.175055  1.058381  0.685850  4.160409 99.999999 99.999999 
  3.00  0.170248  1.019174  0.656906  4.045031 99.999999 99.999999 
  3.01  0.163795  0.991376  0.640265  4.002212 99.999999 99.999999 
  3.02  0.171480  1.032476  0.674691  4.127784 99.999999 99.999999 
  3.03  0.170194  1.034984  0.671659  4.097906 99.999999 99.999999 
  3.04  0.166772  1.016155  0.663235  4.088279 99.999999 99.999999 
  3.05  0.170175  1.043344  0.678585  4.134197 99.999999 99.999999 
  3.06  0.174725  1.063361  0.694559  4.172404 99.999999 99.999999 
  3.07  0.170490  1.023542  0.669636  4.088952 99.999999 99.999999 
  3.08  0.168652  1.022507  0.664856  4.113289 99.999999 99.999999 
  3.09  0.179067  1.074656  0.707710  4.208387 99.999999 99.999999 
  3.10  0.174366  1.060532  0.691183  4.112883 99.999999 99.999999 
  3.11  0.170197  1.021910  0.661057  4.091057 99.999999 99.999999 
  3.12  0.182910  1.099637  0.724050  4.268379 99.999999 99.999999 
  3.13  0.168979  1.019671  0.661691  4.057795 99.999999 99.999999 
  3.14  0.177308  1.072837  0.694733  4.223998 99.999999 99.999999 
  3.15  0.177821  1.061844  0.693196  4.178070 99.999999 99.999999 
  3.16  0.173261  1.042964  0.686246  4.154322 99.999999 99.999999 
  3.17  0.178109  1.072425  0.698433  4.186405 99.999999 99.999999 
  3.18  0.178346  1.076840  0.703540  4.252071 99.999999 99.999999 
  3.19  0.174758  1.052690  0.688182  4.156730 99.999999 99.999999 
  3.20  0.174126  1.056753  0.685134  4.159908 99.999999 99.999999 
  3.21  0.176616  1.081566  0.704034  4.205022 99.999999 99.999999 
  3.22  0.181299  1.098140  0.715551  4.230946 99.999999 99.999999 
  3.23  0.178335  1.079184  0.719573  4.240420 99.999999 99.999999 
  3.24  0.178814  1.082901  0.716229  4.287340 99.999999 99.999999 
  3.25  0.182171  1.094032  0.735683  4.332343 99.999999 99.999999 
  3.26  0.185561  1.127618  0.747477  4.330155 99.999999 99.999999 
  3.27  0.180971  1.079920  0.705094  4.212665 99.999999 99.999999 
  3.28  0.180234  1.085408  0.713089  4.246395 99.999999 99.999999 
  3.29  0.178182  1.074851  0.706212  4.210089 99.999999 99.999999 
  3.30  0.178481  1.066971  0.694050  4.207078 99.999999 99.999999 
  3.31  0.178277  1.082835  0.705799  4.254928 99.999999 99.999999 
  3.32  0.182577  1.109508  0.738398  4.331569 99.999999 99.999999 
  3.33  0.183233  1.103612  0.728022  4.327946 99.999999 99.999999 
  3.34  0.180144  1.086439  0.708581  4.226626 99.999999 99.999999 
  3.35  0.180017  1.100503  0.715379  4.241714 99.999999 99.999999 
  3.36  0.184685  1.120870  0.733762  4.336323 99.999999 99.999999 
  3.37  0.183245  1.113940  0.733867  4.320244 99.999999 99.999999 
  3.38  0.182297  1.110065  0.722102  4.272319 99.999999 99.999999 
  3.39  0.183965  1.110959  0.735619  4.311607 99.999999 99.999999 
  3.40  0.187579  1.130591  0.740473  4.340453 99.999999 99.999999 
  3.41  0.188919  1.144590  0.756405  4.435702 99.999999 99.999999 
  3.42  0.185239  1.117015  0.743386  4.372600 99.999999 99.999999 
  3.43  0.184964  1.128304  0.744190  4.391017 99.999999 99.999999 
  3.44  0.184610  1.107643  0.743083  4.371924 99.999999 99.999999 
  3.45  0.187512  1.140530  0.742976  4.367191 99.999999 99.999999 
  3.46  0.187826  1.139647  0.751638  4.373847 99.999999 99.999999 
  3.47  0.188507  1.154235  0.757744  4.396877 99.999999 99.999999 
  3.48  0.185641  1.121633  0.753045  4.410798 99.999999 99.999999 
  3.49  0.185970  1.133214  0.747191  4.315192 99.999999 99.999999 
  3.50  0.191611  1.165556  0.772063  4.452184 99.999999 99.999999 
  3.51  0.184821  1.123176  0.730140  4.337478 99.999999 99.999999 
  3.52  0.180931  1.093706  0.719593  4.299548 99.999999 99.999999 
  3.53  0.187490  1.138186  0.752259  4.342923 99.999999 99.999999 
  3.54  0.195088  1.179317  0.778232  4.505889 99.999999 99.999999 
  3.55  0.189012  1.146964  0.751138  4.378192 99.999999 99.999999 
  3.56  0.184151  1.123471  0.737728  4.382073 99.999999 99.999999 
  3.57  0.193972  1.173622  0.783949  4.531828 99.999999 99.999999 
  3.58  0.188541  1.141791  0.757670  4.415078 99.999999 99.999999 
  3.59  0.192319  1.160616  0.761163  4.385043 99.999999 99.999999 
  3.60  0.190897  1.149690  0.759910  4.428114 99.999999 99.999999 
  3.61  0.187857  1.144763  0.753238  4.425999 99.999999 99.999999 
  3.62  0.191568  1.167252  0.775938  4.497172 99.999999 99.999999 
  3.63  0.195947  1.189210  0.784351  4.488151 99.999999 99.999999 
  3.64  0.196042  1.193165  0.791825  4.531306 99.999999 99.999999 
  3.65  0.193823  1.179638  0.799287  4.521027 99.999999 99.999999 
  3.66  0.203730  1.228021  0.831716  4.663145 99.999999 99.999999 
  3.67  0.197207  1.194418  0.787802  4.514341 99.999999 99.999999 
  3.68  0.202824  1.236468  0.820696  4.623185 99.999999 99.999999 
  3.69  0.190754  1.157511  0.769955  4.440380 99.999999 99.999999 
  3.70  0.194056  1.165333  0.778614  4.498143 99.999999 99.999999 
  3.71  0.202965  1.229598  0.816665  4.563412 99.999999 99.999999 
  3.72  0.199875  1.211430  0.809537  4.607925 99.999999 99.999999 
  3.73  0.200111  1.205524  0.797195  4.562179 99.999999 99.999999 
  3.74  0.196008  1.173831  0.784026  4.490896 99.999999 99.999999 
  3.75  0.199645  1.209641  0.809946  4.643619 99.999999 99.999999 
  3.76  0.196546  1.186362  0.778481  4.511769 99.999999 99.999999 
  3.77  0.192954  1.177883  0.785830  4.535031 99.999999 99.999999 
  3.78  0.193836  1.181845  0.776371  4.496554 99.999999 99.999999 
  3.79  0.199631  1.210624  0.816062  4.626499 99.999999 99.999999 
  3.80  0.197086  1.214408  0.807354  4.596075 99.999999 99.999999 
  3.81  0.196645  1.189784  0.792073  4.568533 99.999999 99.999999 
  3.82  0.198852  1.216131  0.808644  4.552040 99.999999 99.999999 
  3.83  0.199443  1.219088  0.807761  4.584685 99.999999 99.999999 
  3.84  0.200342  1.223828  0.833988  4.676039 99.999999 99.999999 
  3.85  0.200722  1.224663  0.816035  4.617262 99.999999 99.999999 
  3.86  0.208313  1.261359  0.856148  4.728813 99.999999 99.999999 
  3.87  0.203446  1.231349  0.821069  4.577083 99.999999 99.999999 
  3.88  0.201871  1.226016  0.809916  4.589244 99.999999 99.999999 
  3.89  0.204579  1.249398  0.828985  4.673832 99.999999 99.999999 
  3.90  0.213225  1.300804  0.885009  4.837460 99.999999 99.999999 
  3.91  0.200480  1.233221  0.825834  4.630071 99.999999 99.999999 
  3.92  0.204319  1.242945  0.832290  4.692734 99.999999 99.999999 
  3.93  0.201978  1.219793  0.817533  4.634109 99.999999 99.999999 
  3.94  0.201096  1.215965  0.803295  4.619831 99.999999 99.999999 
  3.95  0.207570  1.269273  0.853097  4.655085 99.999999 99.999999 
  3.96  0.209736  1.269508  0.857274  4.767843 99.999999 99.999999 
  3.97  0.202311  1.244482  0.828172  4.674139 99.999999 99.999999 
  3.98  0.209541  1.287633  0.870912  4.878783 99.999999 99.999999 
  3.99  0.211901  1.292500  0.863425  4.772901 99.999999 99.999999 
  4.00  0.212393  1.287957  0.869476  4.807315 99.999999 99.999999 
  4.01  0.204979  1.246411  0.816738  4.558408 99.999999 99.999999 
  4.02  0.210569  1.274588  0.854579  4.745461 99.999999 99.999999 
  4.03  0.212463  1.306678  0.885899  4.867330 99.999999 99.999999 
  4.04  0.209750  1.281833  0.870647  4.808510 99.999999 99.999999 
  4.05  0.210191  1.285807  0.854441  4.797573 99.999999 99.999999 
  4.06  0.211361  1.284701  0.862902  4.793845 99.999999 99.999999 
  4.07  0.209944  1.289982  0.862555  4.819523 99.999999 99.999999 
  4.08  0.209787  1.282207  0.856140  4.760347 99.999999 99.999999 
  4.09  0.210172  1.290348  0.858421  4.774995 99.999999 99.999999 
  4.10  0.208663  1.283995  0.856658  4.795035 99.999999 99.999999 
  4.11  0.211717  1.302161  0.887152  4.828002 99.999999 99.999999 
  4.12  0.216113  1.315779  0.889555  4.837455 99.999999 99.999999 
  4.13  0.212232  1.289367  0.870859  4.848970 99.999999 99.999999 
  4.14  0.217924  1.325102  0.889334  4.870525 99.999999 99.999999 
  4.15  0.214478  1.307587  0.880282  4.842552 99.999999 99.999999 
  4.16  0.215460  1.319121  0.898069  4.881157 99.999999 99.999999 
  4.17  0.212948  1.301723  0.867472  4.814848 99.999999 99.999999 
  4.18  0.220241  1.343994  0.900525  4.871251 99.999999 99.999999 
  4.19  0.217937  1.320091  0.888904  4.872847 99.999999 99.999999 
  4.20  0.212867  1.294661  0.880290  4.829562 99.999999 99.999999 
  4.21  0.216189  1.312955  0.886159  4.881583 99.999999 99.999999 
  4.22  0.218067  1.346247  0.901332  4.904242 99.999999 99.999999 
  4.23  0.231950  1.423409  0.953633  5.011351 99.999999 99.999999 
  4.24  0.211447  1.292777  0.857981  4.705817 99.999999 99.999999 
  4.25  0.221567  1.353411  0.902881  4.945282 99.999999 99.999999 
  4.26  0.222212  1.351831  0.922930  4.977935 99.999999 99.999999 
  4.27  0.216539  1.326091  0.898025  4.950759 99.999999 99.999999 
  4.28  0.217993  1.331343  0.904428  4.928317 99.999999 99.999999 
  4.29  0.217055  1.328334  0.888613  4.774984 99.999999 99.999999 
  4.30  0.223751  1.356388  0.932851  4.992438 99.999999 99.999999 
  4.31  0.212528  1.296433  0.871250  4.801706 99.999999 99.999999 
  4.32  0.229310  1.409643  0.963342  5.065386 99.999999 99.999999 
  4.33  0.221880  1.366627  0.931656  5.066709 99.999999 99.999999 
  4.34  0.228867  1.386430  0.962577  5.109517 99.999999 99.999999 
  4.35  0.222306  1.361037  0.932119  4.946900 99.999999 99.999999 
  4.36  0.227622  1.386937  0.941808  4.995421 99.999999 99.999999 
  4.37  0.227816  1.388246  0.932127  5.003356 99.999999 99.999999 
  4.38  0.226237  1.379097  0.936461  5.044493 99.999999 99.999999 
  4.39  0.225356  1.382447  0.940254  5.000331 99.999999 99.999999 
  4.40  0.226605  1.385933  0.941537  5.022513 99.999999 99.999999 
  4.41  0.226174  1.395059  0.936874  5.055091 99.999999 99.999999 
  4.42  0.231298  1.417530  0.962373  5.131569 99.999999 99.999999 
  4.43  0.231853  1.428240  0.974518  5.141302 99.999999 99.999999 
  4.44  0.226982  1.395157  0.956625  5.074781 99.999999 99.999999 
  4.45  0.237915  1.456027  0.989516  5.220324 99.999999 99.999999 
  4.46  0.229410  1.408707  0.976777  5.172042 99.999999 99.999999 
  4.47  0.231832  1.420373  0.982202  5.187850 99.999999 99.999999 
  4.48  0.230240  1.413474  0.980136  5.174974 99.999999 99.999999 
  4.49  0.227578  1.402099  0.943664  5.067688 99.999999 99.999999 
  4.50  0.231624  1.421435  0.978545  5.181253 99.999999 99.999999 
  4.51  0.227167  1.405464  0.957206  5.107222 99.999999 99.999999 
  4.52  0.233587  1.446229  0.990680  5.237123 99.999999 99.999999 
  4.53  0.231387  1.421329  0.954770  5.130114 99.999999 99.999999 
  4.54  0.226575  1.390129  0.941394  5.065773 99.999999 99.999999 
  4.55  0.233513  1.411745  0.971836  5.148299 99.999999 99.999999 
  4.56  0.232349  1.432578  0.968210  5.125162 99.999999 99.999999 
  4.57  0.236819  1.459421  0.987185  5.178362 99.999999 99.999999 
  4.58  0.231046  1.421883  0.974981  5.131242 99.999999 99.999999 
  4.59  0.236771  1.441729  0.974100  5.123729 99.999999 99.999999 
  4.60  0.234193  1.452636  0.987465  5.218577 99.999999 99.999999 
  4.61  0.235746  1.429485  0.978831  5.165936 99.999999 99.999999 
  4.62  0.243041  1.496827  1.038844  5.415471 99.999999 99.999999 
  4.63  0.238523  1.453862  0.979979  5.176502 99.999999 99.999999 
  4.64  0.234036  1.430443  0.958386  5.127687 99.999999 99.999999 
  4.65  0.237586  1.455731  1.006036  5.266616 99.999999 99.999999 
  4.66  0.241431  1.478005  1.002997  5.290818 99.999999 99.999999 
  4.67  0.239756  1.471720  0.989167  5.227559 99.999999 99.999999 
  4.68  0.239589  1.463939  1.007342  5.207539 99.999999 99.999999 
  4.69  0.239752  1.471514  1.001493  5.200426 99.999999 99.999999 
  4.70  0.234385  1.447618  0.984971  5.265066 99.999999 99.999999 
  4.71  0.239696  1.460693  0.994509  5.271958 99.999999 99.999999 
  4.72  0.238130  1.467838  1.000103  5.288110 99.999999 99.999999 
  4.73  0.249667  1.545226  1.056911  5.380269 99.999999 99.999999 
  4.74  0.248875  1.515287  1.040531  5.343420 99.999999 99.999999 
  4.75  0.241870  1.498168  1.024415  5.284900 99.999999 99.999999 
  4.76  0.236561  1.444767  0.987179  5.291296 99.999999 99.999999 
  4.77  0.236179  1.459008  1.000900  5.167758 99.999999 99.999999 
  4.78  0.248486  1.532886  1.056287  5.309815 99.999999 99.999999 
  4.79  0.246614  1.516795  1.045634  5.378181 99.999999 99.999999 
  4.80  0.241553  1.468057  1.003030  5.253658 99.999999 99.999999 
  4.81  0.254325  1.565716  1.073203  5.463220 99.999999 99.999999 
  4.82  0.239900  1.487965  1.008898  5.258735 99.999999 99.999999 
  4.83  0.240577  1.488869  1.012715  5.285817 99.999999 99.999999 
  4.84  0.250420  1.546520  1.066791  5.535547 99.999999 99.999999 
  4.85  0.255014  1.560749  1.077394  5.517505 99.999999 99.999999 
  4.86  0.257307  1.588656  1.115334  5.627986 99.999999 99.999999 
  4.87  0.251747  1.553320  1.057091  5.454502 99.999999 99.999999 
  4.88  0.245726  1.503845  1.036750  5.455175 99.999999 99.999999 
  4.89  0.258592  1.593411  1.101405  5.559137 99.999999 99.999999 
  4.90  0.251107  1.528685  1.044552  5.299498 99.999999 99.999999 
  4.91  0.256886  1.576860  1.091325  5.514430 99.999999 99.999999 
  4.92  0.247474  1.537030  1.067600  5.445619 99.999999 99.999999 
  4.93  0.249500  1.523474  1.063196  5.483802 99.999999 99.999999 
  4.94  0.245702  1.507747  1.042486  5.401326 99.999999 99.999999 
  4.95  0.253984  1.571396  1.078981  5.492940 99.999999 99.999999 
  4.96  0.261952  1.623175  1.123952  5.649829 99.999999 99.999999 
  4.97  0.258684  1.594603  1.094821  5.580608 99.999999 99.999999 
  4.98  0.252599  1.545121  1.059427  5.399985 99.999999 99.999999 
  4.99  0.266262  1.635987  1.135035  5.737613 99.999999 99.999999 
  5.00  0.259161  1.585290  1.101763  5.522837 99.999999 99.999999 
  5.01  0.256276  1.592815  1.112217  5.602087 99.999999 99.999999 
  5.02  0.258702  1.601461  1.098171  5.584508 99.999999 99.999999 
  5.03  0.262450  1.629507  1.103108  5.561991 99.999999 99.999999 
  5.04  0.267005  1.636565  1.148727  5.660535 99.999999 99.999999 
  5.05  0.271236  1.667255  1.150895  5.680195 99.999999 99.999999 
  5.06  0.263079  1.615874  1.122671  5.646966 99.999999 99.999999 
  5.07  0.251670  1.540994  1.072124  5.498596 99.999999 99.999999 
  5.08  0.262916  1.624100  1.122435  5.646307 99.999999 99.999999 
  5.09  0.263052  1.617989  1.125002  5.613504 99.999999 99.999999 
  5.10  0.256400  1.577000  1.095695  5.543539 99.999999 99.999999 
  5.11  0.256255  1.593234  1.088802  5.551658 99.999999 99.999999 
  5.12  0.266133  1.647675  1.125959  5.712086 99.999999 99.999999 
  5.13  0.269560  1.653145  1.151715  5.742432 99.999999 99.999999 
  5.14  0.256657  1.581998  1.092110  5.556877 99.999999 99.999999 
  5.15  0.261659  1.590007  1.119401  5.639506 99.999999 99.999999 
  5.16  0.264607  1.630955  1.157433  5.784319 99.999999 99.999999 
  5.17  0.257076  1.573076  1.079640  5.555897 99.999999 99.999999 
  5.18  0.276998  1.709572  1.218807  5.912371 99.999999 99.999999 
  5.19  0.269739  1.651305  1.141829  5.753035 99.999999 99.999999 
  5.20  0.260520  1.592764  1.105179  5.581495 99.999999 99.999999 
  5.21  0.268655  1.660793  1.160693  5.745221 99.999999 99.999999 
  5.22  0.275369  1.699048  1.187708  5.818288 99.999999 99.999999 
  5.23  0.262992  1.624831  1.150932  5.745691 99.999999 99.999999 
  5.24  0.268389  1.656687  1.159443  5.814536 99.999999 99.999999 
  5.25  0.264178  1.610800  1.130267  5.726634 99.999999 99.999999 
  5.26  0.278194  1.706634  1.193066  5.834556 99.999999 99.999999 
  5.27  0.274748  1.694115  1.182489  5.895196 99.999999 99.999999 
  5.28  0.272766  1.679605  1.178125  5.876200 99.999999 99.999999 
  5.29  0.280094  1.726274  1.192899  5.809021 99.999999 99.999999 
  5.30  0.281071  1.725530  1.198453  5.848363 99.999999 99.999999 
  5.31  0.272747  1.689221  1.190788  5.854157 99.999999 99.999999 
  5.32  0.272565  1.672807  1.167910  5.754270 99.999999 99.999999 
  5.33  0.280477  1.739710  1.222164  5.885099 99.999999 99.999999 
  5.34  0.276607  1.705523  1.182635  5.824417 99.999999 99.999999 
  5.35  0.266199  1.635792  1.134150  5.717975 99.999999 99.999999 
  5.36  0.276050  1.716307  1.188911  5.914192 99.999999 99.999999 
  5.37  0.279720  1.736326  1.198328  5.840732 99.999999 99.999999 
  5.38  0.291074  1.782561  1.263124  6.064625 99.999999 99.999999 
  5.39  0.276978  1.701947  1.164322  5.738343 99.999999 99.999999 
  5.40  0.272777  1.686873  1.182450  5.856985 99.999999 99.999999 
  5.41  0.285067  1.762882  1.261879  5.998979 99.999999 99.999999 
  5.42  0.291705  1.793804  1.265963  6.135132 99.999999 99.999999 
  5.43  0.283955  1.747201  1.219648  5.955958 99.999999 99.999999 
  5.44  0.284736  1.762069  1.234337  5.973273 99.999999 99.999999 
  5.45  0.281285  1.732798  1.219613  5.904001 99.999999 99.999999 
  5.46  0.270519  1.683390  1.193631  5.897743 99.999999 99.999999 
  5.47  0.296741  1.844344  1.300448  6.126031 99.999999 99.999999 
  5.48  0.287956  1.793011  1.251567  6.018903 99.999999 99.999999 
  5.49  0.277498  1.718249  1.212173  5.950350 99.999999 99.999999 
  5.50  0.278631  1.710075  1.200836  5.917438 99.999999 99.999999 
  5.51  0.281696  1.747717  1.226932  5.957815 99.999999 99.999999 
  5.52  0.292453  1.799747  1.277031  6.121597 99.999999 99.999999 
  5.53  0.289692  1.791002  1.254958  6.067778 99.999999 99.999999 
  5.54  0.294727  1.827525  1.288777  6.147782 99.999999 99.999999 
  5.55  0.280652  1.731630  1.226853  5.984073 99.999999 99.999999 
  5.56  0.290312  1.800507  1.267761  6.058941 99.999999 99.999999 
  5.57  0.289112  1.786869  1.287691  6.156546 99.999999 99.999999 
  5.58  0.295282  1.837041  1.312832  6.153896 99.999999 99.999999 
  5.59  0.284528  1.768649  1.254628  6.164973 99.999999 99.999999 
  5.60  0.289802  1.804148  1.272001  6.038097 99.999999 99.999999 
  5.61  0.290653  1.800135  1.276222  6.125401 99.999999 99.999999 
  5.62  0.286352  1.757218  1.262821  6.094704 99.999999 99.999999 
  5.63  0.297301  1.849166  1.297692  6.180688 99.999999 99.999999 
  5.64  0.290464  1.784539  1.247648  6.000406 99.999999 99.999999 
  5.65  0.285894  1.758319  1.222019  5.951874 99.999999 99.999999 
  5.66  0.296213  1.824294  1.311315  6.234545 99.999999 99.999999 
  5.67  0.295191  1.836616  1.316801  6.259634 99.999999 99.999999 
  5.68  0.290061  1.796414  1.280753  6.173106 99.999999 99.999999 
  5.69  0.294857  1.820313  1.294274  6.176736 99.999999 99.999999 
  5.70  0.297593  1.822171  1.303404  6.240579 99.999999 99.999999 
  5.71  0.298221  1.845793  1.316814  6.267442 99.999999 99.999999 
  5.72  0.306057  1.899658  1.345546  6.280434 99.999999 99.999999 
  5.73  0.306094  1.896716  1.330538  6.287955 99.999999 99.999999 
  5.74  0.297344  1.844191  1.279181  6.126885 99.999999 99.999999 
  5.75  0.300925  1.880175  1.345193  6.300530 99.999999 99.999999 
  5.76  0.295568  1.828570  1.284219  6.158401 99.999999 99.999999 
  5.77  0.313215  1.942833  1.388762  6.392518 99.999999 99.999999 
  5.78  0.297858  1.849955  1.325353  6.200228 99.999999 99.999999 
  5.79  0.293408  1.819715  1.275321  6.150823 99.999999 99.999999 
  5.80  0.305355  1.864575  1.343677  6.304556 99.999999 99.999999 
  5.81  0.317107  1.969133  1.400091  6.461807 99.999999 99.999999 
  5.82  0.302058  1.873832  1.333315  6.288068 99.999999 99.999999 
  5.83  0.300093  1.858488  1.321316  6.212999 99.999999 99.999999 
  5.84  0.315845  1.961226  1.390728  6.416486 99.999999 99.999999 
  5.85  0.309746  1.902669  1.369098  6.349637 99.999999 99.999999 
  5.86  0.317935  1.957913  1.409977  6.468526 99.999999 99.999999 
  5.87  0.312461  1.925494  1.378703  6.406643 99.999999 99.999999 
  5.88  0.317230  1.968468  1.392287  6.496447 99.999999 99.999999 
  5.89  0.317597  1.960707  1.395981  6.412738 99.999999 99.999999 
  5.90  0.311971  1.921252  1.382431  6.371304 99.999999 99.999999 
  5.91  0.305676  1.897492  1.341977  6.379084 99.999999 99.999999 
  5.92  0.317514  1.949252  1.389885  6.477977 99.999999 99.999999 
  5.93  0.302538  1.886832  1.352207  6.317396 99.999999 99.999999 
  5.94  0.321315  1.978443  1.438306  6.554699 99.999999 99.999999 
  5.95  0.320190  1.976505  1.424599  6.553537 99.999999 99.999999 
  5.96  0.314428  1.958861  1.393698  6.491262 99.999999 99.999999 
  5.97  0.313835  1.956608  1.384770  6.440050 99.999999 99.999999 
  5.98  0.322855  2.006633  1.441857  6.543151 99.999999 99.999999 
  5.99  0.317231  1.959577  1.411895  6.551032 99.999999 99.999999 
  6.00  0.322966  2.009990  1.436244  6.575643 99.999999 99.999999 
  6.01  0.326764  2.006510  1.434107  6.538423 99.999999 99.999999 
  6.02  0.319941  1.959753  1.416972  6.494617 99.999999 99.999999 
  6.03  0.311247  1.920448  1.386180  6.515896 99.999999 99.999999 
  6.04  0.316517  1.974351  1.413087  6.529176 99.999999 99.999999 
  6.05  0.316154  1.964431  1.419420  6.594434 99.999999 99.999999 
  6.06  0.322725  2.001660  1.451359  6.614142 99.999999 99.999999 
  6.07  0.329077  2.030069  1.459534  6.614124 99.999999 99.999999 
  6.08  0.316667  1.983243  1.433746  6.602283 99.999999 99.999999 
  6.09  0.328665  2.050666  1.484983  6.632714 99.999999 99.999999 
  6.10  0.310633  1.913879  1.367244  6.351075 99.999999 99.999999 
  6.11  0.333674  2.068824  1.511325  6.761032 99.999999 99.999999 
  6.12  0.317286  1.977295  1.420966  6.654001 99.999999 99.999999 
  6.13  0.323969  2.014461  1.418383  6.581171 99.999999 99.999999 
  6.14  0.320384  1.975502  1.406580  6.524647 99.999999 99.999999 
  6.15  0.318708  1.982467  1.407163  6.438124 99.999999 99.999999 
  6.16  0.316197  1.966977  1.413736  6.567813 99.999999 99.999999 
  6.17  0.314190  1.957996  1.412884  6.443827 99.999999 99.999999 
  6.18  0.332716  2.081325  1.461709  6.647781 99.999999 99.999999 
  6.19  0.335570  2.087862  1.501852  6.759712 99.999999 99.999999 
  6.20  0.320878  2.012710  1.445545  6.611818 99.999999 99.999999 
  6.21  0.338452  2.108190  1.524936  6.801064 99.999999 99.999999 
  6.22  0.335680  2.075438  1.494661  6.712629 99.999999 99.999999 
  6.23  0.321319  2.005591  1.448524  6.586178 99.999999 99.999999 
  6.24  0.337654  2.095130  1.511922  6.750161 99.999999 99.999999 
  6.25  0.321509  1.995470  1.434484  6.611591 99.999999 99.999999 
  6.26  0.349316  2.159792  1.548751  6.928714 99.999999 99.999999 
  6.27  0.329902  2.030627  1.474610  6.718188 99.999999 99.999999 
  6.28  0.324279  2.004114  1.460723  6.704807 99.999999 99.999999 
  6.29  0.318422  1.967407  1.406964  6.503058 99.999999 99.999999 
  6.30  0.336254  2.075160  1.517389  6.784802 99.999999 99.999999 
  6.31  0.350089  2.202379  1.576178  7.037241 99.999999 99.999999 
  6.32  0.336418  2.090340  1.505169  6.909743 99.999999 99.999999 
  6.33  0.337158  2.094801  1.529927  6.827959 99.999999 99.999999 
  6.34  0.337708  2.100912  1.534962  6.908063 99.999999 99.999999 
  6.35  0.333381  2.072537  1.495816  6.823891 99.999999 99.999999 
  6.36  0.336493  2.090784  1.506388  6.736152 99.999999 99.999999 
  6.37  0.342569  2.140375  1.554718  6.840592 99.999999 99.999999 
  6.38  0.339924  2.120978  1.546952  6.881758 99.999999 99.999999 
  6.39  0.347517  2.188535  1.572666  6.960626 99.999999 99.999999 
  6.40  0.341685  2.128282  1.536594  6.875135 99.999999 99.999999 
  6.41  0.337359  2.072060  1.514390  6.843574 99.999999 99.999999 
  6.42  0.349343  2.167311  1.560061  6.975014 99.999999 99.999999 
  6.43  0.348774  2.192591  1.562354  6.876541 99.999999 99.999999 
  6.44  0.340108  2.131658  1.568559  6.974044 99.999999 99.999999 
  6.45  0.349856  2.186910  1.559967  6.930135 99.999999 99.999999 
  6.46  0.344743  2.142903  1.549871  6.895078 99.999999 99.999999 
  6.47  0.340725  2.126620  1.541281  6.881728 99.999999 99.999999 
  6.48  0.347505  2.169839  1.572256  6.967732 99.999999 99.999999 
  6.49  0.356774  2.209012  1.611262  7.132936 99.999999 99.999999 
  6.50  0.349061  2.185266  1.587148  7.006481 99.999999 99.999999 
  6.51  0.349600  2.193936  1.590220  7.156822 99.999999 99.999999 
  6.52  0.348682  2.166287  1.580015  6.975664 99.999999 99.999999 
  6.53  0.343040  2.131254  1.540524  6.935766 99.999999 99.999999 
  6.54  0.352514  2.233451  1.621875  7.177325 99.999999 99.999999 
  6.55  0.360867  2.255072  1.607394  7.126838 99.999999 99.999999 
  6.56  0.346705  2.155044  1.573366  7.013493 99.999999 99.999999 
  6.57  0.356906  2.226380  1.632899  7.157136 99.999999 99.999999 
  6.58  0.347860  2.153499  1.574389  6.998428 99.999999 99.999999 
  6.59  0.358863  2.249639  1.618498  7.130999 99.999999 99.999999 
  6.60  0.367241  2.282568  1.669138  7.295716 99.999999 99.999999 
  6.61  0.355280  2.218941  1.614136  7.085202 99.999999 99.999999 
  6.62  0.358567  2.221125  1.621440  7.114353 99.999999 99.999999 
  6.63  0.356148  2.204119  1.619066  7.115499 99.999999 99.999999 
  6.64  0.355968  2.216606  1.618170  7.153481 99.999999 99.999999 
  6.65  0.357828  2.252181  1.651352  7.245885 99.999999 99.999999 
  6.66  0.363434  2.270297  1.661688  7.247985 99.999999 99.999999 
  6.67  0.374088  2.352653  1.703909  7.323579 99.999999 99.999999 
  6.68  0.358914  2.228580  1.620686  7.076825 99.999999 99.999999 
  6.69  0.366048  2.285368  1.667707  7.318940 99.999999 99.999999 
  6.70  0.369368  2.288758  1.707306  7.373056 99.999999 99.999999 
  6.71  0.358216  2.242434  1.656565  7.266631 99.999999 99.999999 
  6.72  0.364648  2.312551  1.695885  7.360642 99.999999 99.999999 
  6.73  0.369308  2.317483  1.665042  7.296908 99.999999 99.999999 
  6.74  0.361674  2.251912  1.642958  7.281374 99.999999 99.999999 
  6.75  0.368456  2.295722  1.696206  7.250751 99.999999 99.999999 
  6.76  0.360381  2.230875  1.651706  7.267919 99.999999 99.999999 
  6.77  0.375999  2.331227  1.703632  7.270831 99.999999 99.999999 
  6.78  0.368790  2.298037  1.673669  7.130609 99.999999 99.999999 
  6.79  0.366157  2.294212  1.668434  7.314690 99.999999 99.999999 
  6.80  0.368575  2.306192  1.675590  7.357037 99.999999 99.999999 
  6.81  0.363912  2.261027  1.645439  7.250760 99.999999 99.999999 
  6.82  0.380008  2.367767  1.742505  7.436276 99.999999 99.999999 
  6.83  0.371999  2.338383  1.722008  7.406296 99.999999 99.999999 
  6.84  0.375500  2.355645  1.728895  7.390042 99.999999 99.999999 
  6.85  0.382085  2.406552  1.796788  7.606700 99.999999 99.999999 
  6.86  0.365696  2.284864  1.685196  7.274886 99.999999 99.999999 
  6.87  0.359620  2.213925  1.635377  7.238672 99.999999 99.999999 
  6.88  0.382287  2.380298  1.760527  7.537466 99.999999 99.999999 
  6.89  0.374666  2.349713  1.693382  7.371425 99.999999 99.999999 
  6.90  0.371890  2.323059  1.710443  7.512379 99.999999 99.999999 
  6.91  0.361762  2.242550  1.685945  7.272846 99.999999 99.999999 
  6.92  0.375913  2.332930  1.737027  7.497265 99.999999 99.999999 
  6.93  0.370411  2.315490  1.698150  7.323890 99.999999 99.999999 
  6.94  0.373275  2.321717  1.718641  7.447076 99.999999 99.999999 
  6.95  0.373842  2.333954  1.707156  7.407514 99.999999 99.999999 
  6.96  0.371922  2.319936  1.716018  7.398527 99.999999 99.999999 
  6.97  0.389695  2.455652  1.788478  7.631267 99.999999 99.999999 
  6.98  0.381297  2.380530  1.779171  7.569843 99.999999 99.999999 
  6.99  0.390561  2.445093  1.814066  7.625110 99.999999 99.999999 
  7.00  0.394211  2.470205  1.816860  7.680474 99.999999 99.999999 
  7.01  0.381223  2.380270  1.766218  7.581143 99.999999 99.999999 
  7.02  0.391244  2.454268  1.791279  7.632351 99.999999 99.999999 
  7.03  0.374723  2.336402  1.741583  7.448471 99.999999 99.999999 
  7.04  0.395286  2.489623  1.861113  7.731217 99.999999 99.999999 
  7.05  0.390939  2.408422  1.769881  7.567198 99.999999 99.999999 
  7.06  0.395935  2.473555  1.813623  7.758109 99.999999 99.999999 
  7.07  0.384785  2.403746  1.786380  7.593009 99.999999 99.999999 
  7.08  0.382524  2.396684  1.781399  7.580083 99.999999 99.999999 
  7.09  0.385349  2.412856  1.795432  7.617845 99.999999 99.999999 
  7.10  0.389691  2.465549  1.826224  7.694286 99.999999 99.999999 
  7.11  0.386324  2.412382  1.805365  7.683093 99.999999 99.999999 
  7.12  0.398841  2.507167  1.892081  7.813177 99.999999 99.999999 
  7.13  0.385202  2.442947  1.793068  7.557250 99.999999 99.999999 
  7.14  0.382222  2.371049  1.809260  7.638689 99.999999 99.999999 
  7.15  0.402246  2.519111  1.874200  7.785031 99.999999 99.999999 
  7.16  0.383908  2.407256  1.774387  7.558074 99.999999 99.999999 
  7.17  0.405135  2.506398  1.864423  7.822872 99.999999 99.999999 
  7.18  0.407466  2.553543  1.898655  7.835807 99.999999 99.999999 
  7.19  0.391429  2.443102  1.821732  7.734267 99.999999 99.999999 
  7.20  0.386778  2.420820  1.834341  7.841734 99.999999 99.999999 
  7.21  0.406756  2.544038  1.903103  7.855405 99.999999 99.999999 
  7.22  0.402315  2.519045  1.893998  7.835836 99.999999 99.999999 
  7.23  0.397955  2.490366  1.852656  7.698008 99.999999 99.999999 
  7.24  0.391213  2.443427  1.809355  7.720050 99.999999 99.999999 
  7.25  0.394498  2.460156  1.867623  7.821421 99.999999 99.999999 
  7.26  0.398225  2.498443  1.872177  7.913397 99.999999 99.999999 
  7.27  0.403394  2.541887  1.847894  7.640620 99.999999 99.999999 
  7.28  0.395653  2.490759  1.829372  7.622613 99.999999 99.999999 
  7.29  0.412647  2.567936  1.940583  8.047910 99.999999 99.999999 
  7.30  0.392456  2.437166  1.798662  7.624204 99.999999 99.999999 
  7.31  0.407022  2.531546  1.875960  7.831372 99.999999 99.999999 
  7.32  0.403198  2.509633  1.877554  7.867720 99.999999 99.999999 
  7.33  0.419270  2.621243  1.957065  8.104457 99.999999 99.999999 
  7.34  0.391006  2.440098  1.828452  7.787833 99.999999 99.999999 
  7.35  0.405826  2.548659  1.932952  8.053063 99.999999 99.999999 
  7.36  0.397034  2.508356  1.853700  7.745196 99.999999 99.999999 
  7.37  0.403110  2.531955  1.885881  7.921918 99.999999 99.999999 
  7.38  0.427497  2.660393  1.993735  8.155025 99.999999 99.999999 
  7.39  0.397627  2.474346  1.837505  7.805979 99.999999 99.999999 
  7.40  0.425556  2.669348  2.008185  8.167632 99.999999 99.999999 
  7.41  0.417003  2.592498  1.950889  7.971129 99.999999 99.999999 
  7.42  0.405243  2.548753  1.895254  7.916428 99.999999 99.999999 
  7.43  0.416708  2.617694  1.987502  8.209125 99.999999 99.999999 
  7.44  0.422464  2.628218  1.997055  8.135212 99.999999 99.999999 
  7.45  0.410269  2.585807  1.894363  7.865565 99.999999 99.999999 
  7.46  0.412979  2.610454  1.968937  8.070424 99.999999 99.999999 
  7.47  0.425716  2.665251  2.020175  8.172620 99.999999 99.999999 
  7.48  0.427256  2.673282  2.001667  8.219384 99.999999 99.999999 
  7.49  0.422134  2.626863  1.996325  8.198015 99.999999 99.999999 
  7.50  0.427538  2.666013  2.022276  8.307162 99.999999 99.999999 
  7.51  0.419407  2.637930  2.017129  8.171130 99.999999 99.999999 
  7.52  0.443479  2.785805  2.098772  8.436741 99.999999 99.999999 
  7.53  0.419571  2.631161  1.977327  8.058321 99.999999 99.999999 
  7.54  0.440307  2.754299  2.090554  8.354862 99.999999 99.999999 
  7.55  0.426229  2.669474  2.035723  8.318199 99.999999 99.999999 
  7.56  0.443238  2.780046  2.137258  8.502759 99.999999 99.999999 
  7.57  0.422705  2.660562  1.989710  8.231625 99.999999 99.999999 
  7.58  0.443685  2.789447  2.097607  8.306989 99.999999 99.999999 
  7.59  0.421780  2.648935  1.986120  8.095467 99.999999 99.999999 
  7.60  0.433404  2.704252  2.040720  8.206073 99.999999 99.999999 
  7.61  0.448309  2.823480  2.119422  8.533437 99.999999 99.999999 
  7.62  0.428229  2.678358  1.991605  8.244920 99.999999 99.999999 
  7.63  0.452715  2.840681  2.156875  8.519914 99.999999 99.999999 
  7.64  0.423072  2.655689  1.976177  8.137666 99.999999 99.999999 
  7.65  0.424112  2.654807  2.035868  8.264955 99.999999 99.999999 
  7.66  0.417073  2.623135  1.967954  8.125301 99.999999 99.999999 
  7.67  0.435344  2.731060  2.014237  8.351386 99.999999 99.999999 
  7.68  0.413892  2.612179  2.003429  8.254949 99.999999 99.999999 
  7.69  0.438530  2.740848  2.106293  8.386940 99.999999 99.999999 
  7.70  0.424987  2.665746  2.034066  8.236847 99.999999 99.999999 
  7.71  0.432879  2.730859  2.103112  8.548027 99.999999 99.999999 
  7.72  0.439382  2.733165  2.121959  8.476595 99.999999 99.999999 
  7.73  0.426912  2.669692  2.006749  8.212126 99.999999 99.999999 
  7.74  0.444756  2.787514  2.125324  8.489502 99.999999 99.999999 
  7.75  0.452617  2.822503  2.129522  8.526927 99.999999 99.999999 
  7.76  0.433931  2.731816  2.027800  8.270216 99.999999 99.999999 
  7.77  0.461656  2.904471  2.213961  8.747541 99.999999 99.999999 
  7.78  0.441209  2.762663  2.150969  8.532060 99.999999 99.999999 
  7.79  0.447588  2.803575  2.119616  8.515227 99.999999 99.999999 
  7.80  0.430684  2.715166  2.061807  8.388376 99.999999 99.999999 
  7.81  0.468617  2.916830  2.254332  8.907643 99.999999 99.999999 
  7.82  0.436106  2.751627  2.099457  8.439463 99.999999 99.999999 
  7.83  0.439415  2.791211  2.114490  8.398572 99.999999 99.999999 
  7.84  0.443279  2.785612  2.129664  8.505921 99.999999 99.999999 
  7.85  0.468587  2.967333  2.230899  8.790708 99.999999 99.999999 
  7.86  0.447112  2.793788  2.113282  8.503571 99.999999 99.999999 
  7.87  0.448756  2.805271  2.137278  8.680571 99.999999 99.999999 
  7.88  0.445758  2.835532  2.146154  8.597887 99.999999 99.999999 
  7.89  0.448387  2.809083  2.149647  8.604896 99.999999 99.999999 
  7.90  0.451774  2.832219  2.192609  8.663048 99.999999 99.999999 
  7.91  0.468647  2.949656  2.213134  8.699783 99.999999 99.999999 
  7.92  0.447708  2.803316  2.152386  8.550597 99.999999 99.999999 
  7.93  0.476884  2.995297  2.316205  9.025588 99.999999 99.999999 
  7.94  0.456922  2.861347  2.208643  8.685810 99.999999 99.999999 
  7.95  0.467378  2.926462  2.265896  8.930831 99.999999 99.999999 
  7.96  0.449954  2.819421  2.143821  8.511902 99.999999 99.999999 
  7.97  0.453681  2.860706  2.173111  8.692044 99.999999 99.999999 
  7.98  0.458090  2.872358  2.162641  8.685694 99.999999 99.999999 
  7.99  0.467841  2.944693  2.240929  8.836895 99.999999 99.999999 
  8.00  0.471499  2.950667  2.256040  8.907562 99.999999 99.999999 
  8.01  0.471078  2.969263  2.222259  8.794684 99.999999 99.999999 
  8.02  0.455901  2.871791  2.184031  8.644040 99.999999 99.999999 
  8.03  0.464491  2.930695  2.251075  8.770505 99.999999 99.999999 
  8.04  0.467106  2.966661  2.224261  8.783205 99.999999 99.999999 
  8.05  0.476777  3.010260  2.314882  8.912430 99.999999 99.999999 
  8.06  0.461597  2.915311  2.206608  8.695242 99.999999 99.999999 
  8.07  0.463578  2.915714  2.204520  8.698877 99.999999 99.999999 
  8.08  0.493944  3.112354  2.375039  9.068043 99.999999 99.999999 
  8.09  0.487689  3.049296  2.357277  9.203846 99.999999 99.999999 
  8.10  0.475741  3.001155  2.305786  8.910978 99.999999 99.999999 
  8.11  0.457790  2.869279  2.224107  8.737916 99.999999 99.999999 
  8.12  0.478709  3.020775  2.349525  9.031587 99.999999 99.999999 
  8.13  0.486740  3.054966  2.327650  9.047422 99.999999 99.999999 
  8.14  0.472819  2.965142  2.322613  8.952575 99.999999 99.999999 
  8.15  0.481825  3.053003  2.366817  9.071038 99.999999 99.999999 
  8.16  0.468169  2.926527  2.264181  8.894438 99.999999 99.999999 
  8.17  0.470863  2.966932  2.323460  8.978845 99.999999 99.999999 
  8.18  0.486182  3.077620  2.332700  8.912672 99.999999 99.999999 
  8.19  0.450412  2.823543  2.142500  8.572043 99.999999 99.999999 
  8.20  0.479627  2.986730  2.287286  8.960109 99.999999 99.999999 
  8.21  0.495935  3.106918  2.379725  9.122379 99.999999 99.999999 
  8.22  0.502162  3.152974  2.402779  9.205368 99.999999 99.999999 
  8.23  0.493984  3.108975  2.406097  9.221052 99.999999 99.999999 
  8.24  0.479297  3.015312  2.370604  9.164364 99.999999 99.999999 
  8.25  0.466931  2.963523  2.307823  9.013728 99.999999 99.999999 
  8.26  0.482783  3.066196  2.356092  9.086763 99.999999 99.999999 
  8.27  0.480797  3.049733  2.365685  9.181349 99.999999 99.999999 
  8.28  0.496784  3.122767  2.391070  9.267402 99.999999 99.999999 
  8.29  0.476322  3.008985  2.270952  8.794739 99.999999 99.999999 
  8.30  0.481935  3.063432  2.354083  9.118746 99.999999 99.999999 
  8.31  0.475478  2.992047  2.312917  9.122629 99.999999 99.999999 
  8.32  0.491811  3.111846  2.411510  9.238969 99.999999 99.999999 
  8.33  0.491796  3.087997  2.352805  9.035058 99.999999 99.999999 
  8.34  0.500461  3.172209  2.397809  9.318949 99.999999 99.999999 
  8.35  0.503541  3.196192  2.490277  9.381377 99.999999 99.999999 
  8.36  0.483155  3.034281  2.365460  9.092741 99.999999 99.999999 
  8.37  0.520681  3.311110  2.591514  9.672816 99.999999 99.999999 
  8.38  0.485872  3.053132  2.337322  9.010830 99.999999 99.999999 
  8.39  0.492121  3.096456  2.403802  9.219946 99.999999 99.999999 
  8.40  0.483594  3.052181  2.389402  9.175715 99.999999 99.999999 
  8.41  0.470934  2.968022  2.317293  9.167934 99.999999 99.999999 
  8.42  0.498109  3.121347  2.420286  9.311989 99.999999 99.999999 
  8.43  0.509276  3.222916  2.451154  9.332609 99.999999 99.999999 
  8.44  0.493526  3.134862  2.456032  9.324653 99.999999 99.999999 
  8.45  0.492701  3.119709  2.412656  9.197926 99.999999 99.999999 
  8.46  0.500178  3.152424  2.447075  9.308923 99.999999 99.999999 
  8.47  0.501265  3.137928  2.408915  9.297563 99.999999 99.999999 
  8.48  0.503977  3.204519  2.506549  9.533463 99.999999 99.999999 
  8.49  0.502933  3.183353  2.462564  9.275944 99.999999 99.999999 
  8.50  0.482458  2.995101  2.355325  9.099214 99.999999 99.999999 
  8.51  0.515106  3.269120  2.514407  9.502611 99.999999 99.999999 
  8.52  0.485115  3.083614  2.410741  9.191511 99.999999 99.999999 
  8.53  0.502464  3.183182  2.473831  9.527716 99.999999 99.999999 
  8.54  0.485044  3.063241  2.392632  9.171470 99.999999 99.999999 
  8.55  0.505567  3.212074  2.476705  9.397951 99.999999 99.999999 
  8.56  0.502172  3.157620  2.458886  9.405988 99.999999 99.999999 
  8.57  0.514825  3.267970  2.571919  9.666586 99.999999 99.999999 
  8.58  0.524218  3.311453  2.597414  9.757834 99.999999 99.999999 
  8.59  0.498241  3.151919  2.482753  9.399029 99.999999 99.999999 
  8.60  0.528823  3.354448  2.603036  9.804463 99.999999 99.999999 
  8.61  0.521676  3.300258  2.584867  9.760509 99.999999 99.999999 
  8.62  0.528993  3.339208  2.591011  9.654668 99.999999 99.999999 
  8.63  0.519144  3.282786  2.542823  9.480238 99.999999 99.999999 
  8.64  0.518482  3.255145  2.616593  9.690942 99.999999 99.999999 
  8.65  0.508825  3.201557  2.498733  9.468248 99.999999 99.999999 
  8.66  0.504842  3.202296  2.508445  9.479097 99.999999 99.999999 
  8.67  0.511543  3.258488  2.547045  9.655550 99.999999 99.999999 
  8.68  0.530096  3.355198  2.613999  9.821959 99.999999 99.999999 
  8.69  0.510241  3.195935  2.505374  9.475174 99.999999 99.999999 
  8.70  0.539787  3.435851  2.690447  9.923684 99.999999 99.999999 
  8.71  0.534526  3.358596  2.636224  9.798470 99.999999 99.999999 
  8.72  0.527494  3.337348  2.631737  9.980612 99.999999 99.999999 
  8.73  0.501792  3.155653  2.480519  9.463830 99.999999 99.999999 
  8.74  0.533311  3.377285  2.618128  9.815644 99.999999 99.999999 
  8.75  0.502847  3.141966  2.463085  9.499527 99.999999 99.999999 
  8.76  0.513833  3.280454  2.603700  9.664281 99.999999 99.999999 
  8.77  0.513891  3.217670  2.536172  9.573656 99.999999 99.999999 
  8.78  0.524705  3.300163  2.587148  9.718442 99.999999 99.999999 
  8.79  0.550007  3.489582  2.809580 10.141335 99.999999 99.999999 
  8.80  0.536765  3.405696  2.682795  9.990430 99.999999 99.999999 
  8.81  0.535779  3.381600  2.641160  9.801325 99.999999 99.999999 
  8.82  0.519236  3.272086  2.548504  9.588154 99.999999 99.999999 
  8.83  0.522262  3.304983  2.612933  9.719567 99.999999 99.999999 
  8.84  0.556797  3.552959  2.795879 10.223944 99.999999 99.999999 
  8.85  0.570940  3.635828  2.788252 10.221917 99.999999 99.999999 
  8.86  0.527307  3.348501  2.656214  9.893856 99.999999 99.999999 
  8.87  0.528807  3.335602  2.647643  9.892450 99.999999 99.999999 
  8.88  0.540093  3.451110  2.735475 10.122767 99.999999 99.999999 
  8.89  0.535123  3.365556  2.653568  9.969957 99.999999 99.999999 
  8.90  0.536612  3.403891  2.716600 10.073821 99.999999 99.999999 
  8.91  0.540899  3.461113  2.703400 10.019326 99.999999 99.999999 
  8.92  0.541756  3.450655  2.727583 10.115152 99.999999 99.999999 
  8.93  0.533670  3.384825  2.618200  9.755402 99.999999 99.999999 
  8.94  0.546801  3.450528  2.694295  9.904664 99.999999 99.999999 
  8.95  0.569105  3.583541  2.835563 10.373215 99.999999 99.999999 
  8.96  0.562908  3.543214  2.733262 10.152452 99.999999 99.999999 
  8.97  0.560563  3.555026  2.784416 10.205303 99.999999 99.999999 
  8.98  0.537254  3.391111  2.698709  9.918280 99.999999 99.999999 
  8.99  0.554475  3.544016  2.835890 10.334350 99.999999 99.999999 
  9.00  0.537033  3.377874  2.700190 10.042869 99.999999 99.999999 
  9.01  0.557935  3.543513  2.761076 10.164345 99.999999 99.999999 
  9.02  0.573628  3.607892  2.832149 10.314470 99.999999 99.999999 
  9.03  0.559547  3.565063  2.809648 10.257931 99.999999 99.999999 
  9.04  0.553810  3.536532  2.782235 10.118308 99.999999 99.999999 
  9.05  0.534501  3.361520  2.688045  9.931321 99.999999 99.999999 
  9.06  0.561396  3.533056  2.818396 10.328369 99.999999 99.999999 
  9.07  0.532879  3.373762  2.681301  9.986737 99.999999 99.999999 
  9.08  0.551922  3.486027  2.783454 10.156342 99.999999 99.999999 
  9.09  0.579812  3.665575  2.897427 10.466617 99.999999 99.999999 
  9.10  0.569258  3.582908  2.812694 10.188648 99.999999 99.999999 
  9.11  0.551890  3.513730  2.756184 10.076103 99.999999 99.999999 
  9.12  0.560794  3.560364  2.824311 10.292191 99.999999 99.999999 
  9.13  0.563032  3.561730  2.798285 10.283717 99.999999 99.999999 
  9.14  0.561419  3.581240  2.840467 10.374908 99.999999 99.999999 
  9.15  0.555122  3.490662  2.775112 10.181829 99.999999 99.999999 
  9.16  0.572611  3.633893  2.859564 10.343560 99.999999 99.999999 
  9.17  0.573240  3.640723  2.883291 10.440735 99.999999 99.999999 
  9.18  0.552559  3.488891  2.818292 10.210486 99.999999 99.999999 
  9.19  0.580427  3.703318  2.907349 10.494221 99.999999 99.999999 
  9.20  0.559505  3.582979  2.819775 10.209708 99.999999 99.999999 
  9.21  0.558905  3.557995  2.890621 10.355029 99.999999 99.999999 
  9.22  0.542952  3.450692  2.766552 10.173765 99.999999 99.999999 
  9.23  0.568296  3.615756  2.831143 10.410730 99.999999 99.999999 
  9.24  0.571923  3.634522  2.868966 10.348291 99.999999 99.999999 
  9.25  0.589921  3.738817  2.977459 10.651400 99.999999 99.999999 
  9.26  0.552973  3.486201  2.797826 10.346999 99.999999 99.999999 
  9.27  0.577256  3.665827  2.924488 10.562493 99.999999 99.999999 
  9.28  0.578583  3.661363  2.920880 10.596313 99.999999 99.999999 
  9.29  0.544230  3.423574  2.757128 10.230314 99.999999 99.999999 
  9.30  0.598933  3.805456  3.016089 10.704852 99.999999 99.999999 
  9.31  0.576522  3.660862  2.959648 10.668334 99.999999 99.999999 
  9.32  0.558013  3.545619  2.874032 10.369503 99.999999 99.999999 
  9.33  0.585776  3.716879  2.933157 10.618831 99.999999 99.999999 
  9.34  0.573470  3.621255  2.855801 10.443337 99.999999 99.999999 
  9.35  0.571199  3.624931  2.805169 10.219788 99.999999 99.999999 
  9.36  0.612041  3.897301  3.063968 10.951553 99.999999 99.999999 
  9.37  0.585758  3.715633  2.944524 10.729399 99.999999 99.999999 
  9.38  0.576820  3.628727  2.951527 10.540915 99.999999 99.999999 
  9.39  0.630936  4.028386  3.153981 11.107983 99.999999 99.999999 
  9.40  0.584466  3.691065  2.949653 10.664399 99.999999 99.999999 
  9.41  0.602415  3.802951  3.058991 10.824154 99.999999 99.999999 
  9.42  0.579826  3.667848  2.900603 10.501646 99.999999 99.999999 
  9.43  0.593173  3.795621  3.026625 10.768660 99.999999 99.999999 
  9.44  0.593281  3.763710  3.011372 10.763788 99.999999 99.999999 
  9.45  0.588069  3.736972  2.997367 10.584890 99.999999 99.999999 
  9.46  0.584631  3.684703  2.941193 10.501231 99.999999 99.999999 
  9.47  0.589901  3.767431  3.003021 10.798278 99.999999 99.999999 
  9.48  0.611477  3.887421  3.158005 11.275363 99.999999 99.999999 
  9.49  0.593646  3.749908  3.020775 10.828368 99.999999 99.999999 
  9.50  0.608940  3.885749  3.053674 10.765152 99.999999 99.999999 
  9.51  0.621507  3.946375  3.165970 11.068892 99.999999 99.999999 
  9.52  0.606423  3.852771  3.121964 11.074778 99.999999 99.999999 
  9.53  0.602873  3.860398  3.101961 10.912507 99.999999 99.999999 
  9.54  0.613259  3.888058  3.092109 10.935168 99.999999 99.999999 
  9.55  0.609093  3.870691  3.132609 11.060834 99.999999 99.999999 
  9.56  0.593704  3.774192  3.001396 10.764297 99.999999 99.999999 
  9.57  0.608413  3.837914  3.137504 11.084346 99.999999 99.999999 
  9.58  0.611332  3.883984  3.173051 11.187396 99.999999 99.999999 
  9.59  0.637356  4.032912  3.253149 11.336210 99.999999 99.999999 
  9.60  0.636335  4.057425  3.260338 11.273616 99.999999 99.999999 
  9.61  0.643831  4.104173  3.312397 11.510401 99.999999 99.999999 
  9.62  0.614485  3.907155  3.151502 11.225876 99.999999 99.999999 
  9.63  0.607790  3.859856  3.106294 11.007910 99.999999 99.999999 
  9.64  0.620372  3.989873  3.219218 11.277157 99.999999 99.999999 
  9.65  0.605711  3.836022  3.103162 10.913295 99.999999 99.999999 
  9.66  0.610329  3.899242  3.102328 11.070642 99.999999 99.999999 
  9.67  0.618495  3.970614  3.227920 11.193944 99.999999 99.999999 
  9.68  0.614389  3.858361  3.159795 11.041423 99.999999 99.999999 
  9.69  0.594803  3.809844  3.066564 10.891943 99.999999 99.999999 
  9.70  0.627737  3.972554  3.171516 11.265503 99.999999 99.999999 
  9.71  0.622029  3.971216  3.211956 11.412983 99.999999 99.999999 
  9.72  0.634424  4.037448  3.233746 11.315586 99.999999 99.999999 
  9.73  0.605921  3.833781  3.075071 10.968759 99.999999 99.999999 
  9.74  0.592398  3.745675  3.083662 10.963183 99.999999 99.999999 
  9.75  0.616822  3.935669  3.192472 11.260830 99.999999 99.999999 
  9.76  0.636417  4.091545  3.291970 11.367647 99.999999 99.999999 
  9.77  0.623228  3.979968  3.202678 11.209252 99.999999 99.999999 
  9.78  0.616402  3.936266  3.202161 11.247971 99.999999 99.999999 
  9.79  0.621727  3.999386  3.210495 11.204433 99.999999 99.999999 
  9.80  0.629248  4.023722  3.250556 11.374652 99.999999 99.999999 
  9.81  0.633091  3.999942  3.226418 11.351931 99.999999 99.999999 
  9.82  0.627342  4.007334  3.283435 11.349095 99.999999 99.999999 
  9.83  0.620248  3.945573  3.221968 11.234710 99.999999 99.999999 
  9.84  0.636412  4.045093  3.300067 11.345473 99.999999 99.999999 
  9.85  0.620386  3.960222  3.180364 11.267811 99.999999 99.999999 
  9.86  0.622171  3.980194  3.213095 11.304010 99.999999 99.999999 
  9.87  0.640036  4.091817  3.283879 11.431924 99.999999 99.999999 
  9.88  0.621587  3.989805  3.317739 11.575326 99.999999 99.999999 
  9.89  0.633406  4.042553  3.253871 11.387685 99.999999 99.999999 
  9.90  0.631923  4.011645  3.266065 11.482474 99.999999 99.999999 
  9.91  0.641814  4.098899  3.363584 11.656896 99.999999 99.999999 
  9.92  0.637662  4.045829  3.310888 11.570935 99.999999 99.999999 
  9.93  0.621441  3.959537  3.220681 11.305076 99.999999 99.999999 
  9.94  0.619988  3.953673  3.197219 11.236365 99.999999 99.999999 
  9.95  0.623607  3.978140  3.221442 11.359056 99.999999 99.999999 
  9.96  0.653668  4.188470  3.440789 11.866072 99.999999 99.999999 
  9.97  0.647867  4.132429  3.342024 11.561604 99.999999 99.999999 
  9.98  0.635164  4.052685  3.303962 11.491767 99.999999 99.999999 
  9.99  0.651923  4.171789  3.507850 11.882546 99.999999 99.999999 
